Using pre-set license
Built from '2022.3/china_unity/release' branch; Version is '2022.3.13f1c1 (d214d547af8b) revision 13767893'; Using compiler version '192829333'; Build Type 'Release'
OS: 'Windows 10  (10.0.19045) 64bit Core' Language: 'zh' Physical Memory: 16085 MB
BatchMode: 1, IsHumanControllingUs: 0, StartBugReporterOnCrash: 0, Is64bit: 1, IsPro: 1

COMMAND LINE ARGUMENTS:
C:\Program Files\Unity\Hub\Editor\2022.3.13f1c1\Editor\Unity.exe
-adb2
-batchMode
-noUpm
-name
AssetImportWorker4
-projectPath
C:/Users/Assas/Documents/GitHub/5110_Final_/5110_Final
-logFile
Logs/AssetImportWorker4.log
-srvPort
64951
Successfully changed project path to: C:/Users/Assas/Documents/GitHub/5110_Final_/5110_Final
C:/Users/Assas/Documents/GitHub/5110_Final_/5110_Final
[UnityMemory] Configuration Parameters - Can be set up in boot.config
    "memorysetup-bucket-allocator-granularity=16"
    "memorysetup-bucket-allocator-bucket-count=8"
    "memorysetup-bucket-allocator-block-size=33554432"
    "memorysetup-bucket-allocator-block-count=8"
    "memorysetup-main-allocator-block-size=16777216"
    "memorysetup-thread-allocator-block-size=16777216"
    "memorysetup-gfx-main-allocator-block-size=16777216"
    "memorysetup-gfx-thread-allocator-block-size=16777216"
    "memorysetup-cache-allocator-block-size=4194304"
    "memorysetup-typetree-allocator-block-size=2097152"
    "memorysetup-profiler-bucket-allocator-granularity=16"
    "memorysetup-profiler-bucket-allocator-bucket-count=8"
    "memorysetup-profiler-bucket-allocator-block-size=33554432"
    "memorysetup-profiler-bucket-allocator-block-count=8"
    "memorysetup-profiler-allocator-block-size=16777216"
    "memorysetup-profiler-editor-allocator-block-size=1048576"
    "memorysetup-temp-allocator-size-main=16777216"
    "memorysetup-job-temp-allocator-block-size=2097152"
    "memorysetup-job-temp-allocator-block-size-background=1048576"
    "memorysetup-job-temp-allocator-reduction-small-platforms=262144"
    "memorysetup-allocator-temp-initial-block-size-main=262144"
    "memorysetup-allocator-temp-initial-block-size-worker=262144"
    "memorysetup-temp-allocator-size-background-worker=32768"
    "memorysetup-temp-allocator-size-job-worker=262144"
    "memorysetup-temp-allocator-size-preload-manager=33554432"
    "memorysetup-temp-allocator-size-nav-mesh-worker=65536"
    "memorysetup-temp-allocator-size-audio-worker=65536"
    "memorysetup-temp-allocator-size-cloud-worker=32768"
    "memorysetup-temp-allocator-size-gi-baking-worker=262144"
    "memorysetup-temp-allocator-size-gfx=262144"
Player connection [70684] Host "[IP] 192.168.99.183 [Port] 0 [Flags] 2 [Guid] 1307026177 [EditorId] 1307026177 [Version] 1048832 [Id] WindowsEditor(7,MSI) [Debug] 1 [PackageName] WindowsEditor [ProjectName] Editor" joined multi-casting on [225.0.0.222:54997]...

Player connection [70684] Host "[IP] 192.168.99.183 [Port] 0 [Flags] 2 [Guid] 1307026177 [EditorId] 1307026177 [Version] 1048832 [Id] WindowsEditor(7,MSI) [Debug] 1 [PackageName] WindowsEditor [ProjectName] Editor" joined alternative multi-casting on [225.0.0.222:34997]...

[Physics::Module] Initialized MultithreadedJobDispatcher with 15 workers.
Refreshing native plugins compatible for Editor in 31.74 ms, found 3 plugins.
Preloading 0 native plugins for Editor in 0.00 ms.
Initialize engine version: 2022.3.13f1c1 (d214d547af8b)
[Subsystems] Discovering subsystems at path C:/Program Files/Unity/Hub/Editor/2022.3.13f1c1/Editor/Data/Resources/UnitySubsystems
[Subsystems] Discovering subsystems at path C:/Users/Assas/Documents/GitHub/5110_Final_/5110_Final/Assets
GfxDevice: creating device client; threaded=0; jobified=0
Direct3D:
    Version:  Direct3D 11.0 [level 11.1]
    Renderer: NVIDIA GeForce RTX 3070 Laptop GPU (ID=0x249d)
    Vendor:   NVIDIA
    VRAM:     8033 MB
    Driver:   31.0.15.4601
Initialize mono
Mono path[0] = 'C:/Program Files/Unity/Hub/Editor/2022.3.13f1c1/Editor/Data/Managed'
Mono path[1] = 'C:/Program Files/Unity/Hub/Editor/2022.3.13f1c1/Editor/Data/MonoBleedingEdge/lib/mono/unityjit-win32'
Mono config path = 'C:/Program Files/Unity/Hub/Editor/2022.3.13f1c1/Editor/Data/MonoBleedingEdge/etc'
Using monoOptions --debugger-agent=transport=dt_socket,embedding=1,server=y,suspend=n,address=127.0.0.1:56752
Begin MonoManager ReloadAssembly
Registering precompiled unity dll's ...
Register platform support module: C:/Program Files/Unity/Hub/Editor/2022.3.13f1c1/Editor/Data/PlaybackEngines/WindowsStandaloneSupport/UnityEditor.WindowsStandalone.Extensions.dll
Registered in 0.025942 seconds.
- Loaded All Assemblies, in  0.448 seconds
Native extension for WindowsStandalone target not found
Mono: successfully reloaded assembly
- Finished resetting the current domain, in  0.262 seconds
Domain Reload Profiling: 699ms
	BeginReloadAssembly (135ms)
		ExecutionOrderSort (0ms)
		DisableScriptedObjects (0ms)
		BackupInstance (0ms)
		ReleaseScriptingObjects (0ms)
		CreateAndSetChildDomain (1ms)
	RebuildCommonClasses (34ms)
	RebuildNativeTypeToScriptingClass (9ms)
	initialDomainReloadingComplete (96ms)
	LoadAllAssembliesAndSetupDomain (165ms)
		LoadAssemblies (124ms)
		RebuildTransferFunctionScriptingTraits (0ms)
		AnalyzeDomain (162ms)
			TypeCache.Refresh (160ms)
				TypeCache.ScanAssembly (140ms)
			ScanForSourceGeneratedMonoScriptInfo (1ms)
			ResolveRequiredComponents (1ms)
	FinalizeReload (262ms)
		ReleaseScriptCaches (0ms)
		RebuildScriptCaches (0ms)
		SetupLoadedEditorAssemblies (203ms)
			LogAssemblyErrors (0ms)
			InitializePlatformSupportModulesInManaged (16ms)
			SetLoadedEditorAssemblies (7ms)
			RefreshPlugins (0ms)
			BeforeProcessingInitializeOnLoad (3ms)
			ProcessInitializeOnLoadAttributes (135ms)
			ProcessInitializeOnLoadMethodAttributes (42ms)
			AfterProcessingInitializeOnLoad (0ms)
			EditorAssembliesLoaded (0ms)
		ExecutionOrderSort2 (0ms)
		AwakeInstancesAfterBackupRestoration (0ms)
========================================================================
Worker process is ready to serve import requests
Begin MonoManager ReloadAssembly
- Loaded All Assemblies, in  0.775 seconds
Refreshing native plugins compatible for Editor in 10.65 ms, found 3 plugins.
Native extension for WindowsStandalone target not found
Package Manager log level set to [2]
[Package Manager] Server::EnsureServerProcessIsRunning -- launch failed, reason: Unity was launched with the -noUpm command-line argument
[Package Manager] UpmClient::Send -- Unable to send message (not connected to UPM process).
[Package Manager] Cannot connect to Unity Package Manager local server
Mono: successfully reloaded assembly
- Finished resetting the current domain, in  0.706 seconds
Domain Reload Profiling: 1465ms
	BeginReloadAssembly (171ms)
		ExecutionOrderSort (0ms)
		DisableScriptedObjects (5ms)
		BackupInstance (0ms)
		ReleaseScriptingObjects (0ms)
		CreateAndSetChildDomain (20ms)
	RebuildCommonClasses (32ms)
	RebuildNativeTypeToScriptingClass (9ms)
	initialDomainReloadingComplete (81ms)
	LoadAllAssembliesAndSetupDomain (466ms)
		LoadAssemblies (417ms)
		RebuildTransferFunctionScriptingTraits (0ms)
		AnalyzeDomain (155ms)
			TypeCache.Refresh (140ms)
				TypeCache.ScanAssembly (125ms)
			ScanForSourceGeneratedMonoScriptInfo (11ms)
			ResolveRequiredComponents (3ms)
	FinalizeReload (706ms)
		ReleaseScriptCaches (0ms)
		RebuildScriptCaches (0ms)
		SetupLoadedEditorAssemblies (586ms)
			LogAssemblyErrors (0ms)
			InitializePlatformSupportModulesInManaged (12ms)
			SetLoadedEditorAssemblies (3ms)
			RefreshPlugins (0ms)
			BeforeProcessingInitializeOnLoad (85ms)
			ProcessInitializeOnLoadAttributes (440ms)
			ProcessInitializeOnLoadMethodAttributes (17ms)
			AfterProcessingInitializeOnLoad (30ms)
			EditorAssembliesLoaded (0ms)
		ExecutionOrderSort2 (0ms)
		AwakeInstancesAfterBackupRestoration (6ms)
Launched and connected shader compiler UnityShaderCompiler.exe after 0.04 seconds
Refreshing native plugins compatible for Editor in 20.46 ms, found 3 plugins.
Preloading 0 native plugins for Editor in 0.00 ms.
Unloading 3135 Unused Serialized files (Serialized files now loaded: 0)
Unloading 32 unused Assets / (56.8 KB). Loaded Objects now: 3597.
Memory consumption went from 126.9 MB to 126.9 MB.
Total: 2.961500 ms (FindLiveObjects: 0.239800 ms CreateObjectMapping: 0.082200 ms MarkObjects: 2.516500 ms  DeleteObjects: 0.121800 ms)

AssetImportParameters requested are different than current active one (requested -> active):
  custom:container-demuxer-ogg: 62fdf1f143b41e24485cea50d1cbac27 -> 
  custom:video-decoder-ogg-theora: a1e56fd34408186e4bbccfd4996cb3dc -> 
  custom:framework-win-MediaFoundation: 216162199b28c13a410421893ffa2e32 -> 
  custom:CustomObjectIndexerAttribute: 756ad292c208cfabdd7b50bc23989ffe -> 
  custom:container-demuxer-webm: 4f35f7cbe854078d1ac9338744f61a02 -> 
  custom:container-muxer-webm: aa71ff27fc2769a1b78a27578f13a17b -> 
  custom:video-decoder-webm-vp8: 9c59270c3fd7afecdb556c50c9e8de78 -> 
  custom:SearchIndexIgnoredProperties: e643bd26f0fe6173181afceb89e7c659 -> 
  custom:AudioImporter_EditorPlatform: d09bf68614088b80899f8185d706f6e7 -> 
  custom:video-encoder-webm-vp8: eb34c28f22e8b96e1ab97ce403110664 -> 
  custom:audio-decoder-ogg-vorbis: bf7c407c2cedff20999df2af8eb42d56 -> 
  custom:audio-encoder-webm-vorbis: bf7c407c2cedff20999df2af8eb42d56 -> 
========================================================================
Received Import Request.
  Time since last request: 727862.853508 seconds.
  path: Assets/素材/少年_right0005.png
  artifactKey: Guid(49a9bd85dd5257842a5bf47b1a8921a9) Importer(815301076,1909f56bfc062723c751e8b465ee728b)
Start importing Assets/素材/少年_right0005.png using Guid(49a9bd85dd5257842a5bf47b1a8921a9) Importer(815301076,1909f56bfc062723c751e8b465ee728b)  -> (artifact id: 'ed638a73d09d9ae07d3d64c01a3e049a') in 1.106271 seconds
Number of updated asset objects reloaded before import = 0
Number of asset objects unloaded after import = 3
========================================================================
Received Import Request.
  Time since last request: 0.759082 seconds.
  path: Assets/素材/小孩_right0002.png
  artifactKey: Guid(94a26c3ebfb84f64683612201b10d067) Importer(815301076,1909f56bfc062723c751e8b465ee728b)
Start importing Assets/素材/小孩_right0002.png using Guid(94a26c3ebfb84f64683612201b10d067) Importer(815301076,1909f56bfc062723c751e8b465ee728b)  -> (artifact id: '6a0645bd8b0d9dc715b2094152ce9092') in 0.229874 seconds
Number of updated asset objects reloaded before import = 0
Number of asset objects unloaded after import = 3
========================================================================
Received Import Request.
  Time since last request: 0.000039 seconds.
  path: Assets/素材/小孩_right0001.png
  artifactKey: Guid(87cb7618155b3bf42a710af59c3b1c18) Importer(815301076,1909f56bfc062723c751e8b465ee728b)
Start importing Assets/素材/小孩_right0001.png using Guid(87cb7618155b3bf42a710af59c3b1c18) Importer(815301076,1909f56bfc062723c751e8b465ee728b)  -> (artifact id: 'f80175873691f74182e8a03de01c8e25') in 0.275381 seconds
Number of updated asset objects reloaded before import = 0
Number of asset objects unloaded after import = 3
========================================================================
Received Import Request.
  Time since last request: 0.000819 seconds.
  path: Assets/素材/少年_right0001.png
  artifactKey: Guid(fa6280645c5372843b356cfa43199017) Importer(815301076,1909f56bfc062723c751e8b465ee728b)
Start importing Assets/素材/少年_right0001.png using Guid(fa6280645c5372843b356cfa43199017) Importer(815301076,1909f56bfc062723c751e8b465ee728b)  -> (artifact id: '044c4b5b893b3e7fbf008c4ba63cd152') in 0.346307 seconds
Number of updated asset objects reloaded before import = 0
Number of asset objects unloaded after import = 3
========================================================================
Received Import Request.
  Time since last request: 0.000451 seconds.
  path: Assets/素材/婴儿_right0000.png
  artifactKey: Guid(6d93ac4d88f2d414cb1bcd8d4f194276) Importer(815301076,1909f56bfc062723c751e8b465ee728b)
Start importing Assets/素材/婴儿_right0000.png using Guid(6d93ac4d88f2d414cb1bcd8d4f194276) Importer(815301076,1909f56bfc062723c751e8b465ee728b)  -> (artifact id: '6792b195ebb18b7682b9aac54c58a808') in 0.121103 seconds
Number of updated asset objects reloaded before import = 0
Number of asset objects unloaded after import = 3
========================================================================
Received Import Request.
  Time since last request: 0.000271 seconds.
  path: Assets/素材/小孩_right0004.png
  artifactKey: Guid(7642aae66e903af479285ef246368e1f) Importer(815301076,1909f56bfc062723c751e8b465ee728b)
Start importing Assets/素材/小孩_right0004.png using Guid(7642aae66e903af479285ef246368e1f) Importer(815301076,1909f56bfc062723c751e8b465ee728b)  -> (artifact id: 'ef4e55cbcad6440628a2b5d6054340d9') in 0.105275 seconds
Number of updated asset objects reloaded before import = 0
Number of asset objects unloaded after import = 3
========================================================================
Received Import Request.
  Time since last request: 0.000044 seconds.
  path: Assets/素材/少年_right0000.png
  artifactKey: Guid(382641c718e450540a01255c05283ccf) Importer(815301076,1909f56bfc062723c751e8b465ee728b)
Start importing Assets/素材/少年_right0000.png using Guid(382641c718e450540a01255c05283ccf) Importer(815301076,1909f56bfc062723c751e8b465ee728b)  -> (artifact id: '0558a3c181ac849461269ec41cb9416c') in 0.109397 seconds
Number of updated asset objects reloaded before import = 0
Number of asset objects unloaded after import = 3
========================================================================
Received Import Request.
  Time since last request: 0.001172 seconds.
  path: Assets/素材/婴儿_right0001.png
  artifactKey: Guid(7835a9fb407d83548872c0dd77eeb0b7) Importer(815301076,1909f56bfc062723c751e8b465ee728b)
Start importing Assets/素材/婴儿_right0001.png using Guid(7835a9fb407d83548872c0dd77eeb0b7) Importer(815301076,1909f56bfc062723c751e8b465ee728b)  -> (artifact id: '47f9d9aaecab2d3db6d1992c6e0782d5') in 0.107243 seconds
Number of updated asset objects reloaded before import = 0
Number of asset objects unloaded after import = 3
========================================================================
Received Import Request.
  Time since last request: 0.000026 seconds.
  path: Assets/素材/婴儿_right0005.png
  artifactKey: Guid(ccc861e891ae474498260da0ec5c1122) Importer(815301076,1909f56bfc062723c751e8b465ee728b)
Start importing Assets/素材/婴儿_right0005.png using Guid(ccc861e891ae474498260da0ec5c1122) Importer(815301076,1909f56bfc062723c751e8b465ee728b)  -> (artifact id: '9a9dccb38e6220d6c0cf518510387a02') in 0.152418 seconds
Number of updated asset objects reloaded before import = 0
Number of asset objects unloaded after import = 3
========================================================================
Received Import Request.
  Time since last request: 0.150421 seconds.
  path: Assets/素材/青年女2
  artifactKey: Guid(f82cca41f2a852c45954682a3c1ae3d2) Importer(815301076,1909f56bfc062723c751e8b465ee728b)
Start importing Assets/素材/青年女2 using Guid(f82cca41f2a852c45954682a3c1ae3d2) Importer(815301076,1909f56bfc062723c751e8b465ee728b)  -> (artifact id: '4f2fb6b6f2fc9267979b18323cf18049') in 0.003580 seconds
Number of updated asset objects reloaded before import = 0
Number of asset objects unloaded after import = 0
========================================================================
Received Import Request.
  Time since last request: 0.045009 seconds.
  path: Assets/素材/青年女2/青年女_right_1.png
  artifactKey: Guid(9e807645a2db1b542bbf700c8ce729ff) Importer(815301076,1909f56bfc062723c751e8b465ee728b)
Start importing Assets/素材/青年女2/青年女_right_1.png using Guid(9e807645a2db1b542bbf700c8ce729ff) Importer(815301076,1909f56bfc062723c751e8b465ee728b)  -> (artifact id: 'dc534ba6dc43b533214ed9c67f81176d') in 1.469864 seconds
Number of updated asset objects reloaded before import = 0
Number of asset objects unloaded after import = 2
========================================================================
Received Import Request.
  Time since last request: 0.001803 seconds.
  path: Assets/素材/青年女2/青年女_right_3.png
  artifactKey: Guid(b97d244f4210b4549bb503d975c06d41) Importer(815301076,1909f56bfc062723c751e8b465ee728b)
Start importing Assets/素材/青年女2/青年女_right_3.png using Guid(b97d244f4210b4549bb503d975c06d41) Importer(815301076,1909f56bfc062723c751e8b465ee728b)  -> (artifact id: '24f35f6a67350acc230a155ef31d3260') in 0.725328 seconds
Number of updated asset objects reloaded before import = 0
Number of asset objects unloaded after import = 2
========================================================================
Received Import Request.
  Time since last request: 26.083092 seconds.
  path: Assets/素材/青年女2/New Animation.anim
  artifactKey: Guid(d85854d8b336539448f2f1e2bfa9eadf) Importer(815301076,1909f56bfc062723c751e8b465ee728b)
Start importing Assets/素材/青年女2/New Animation.anim using Guid(d85854d8b336539448f2f1e2bfa9eadf) Importer(815301076,1909f56bfc062723c751e8b465ee728b)  -> (artifact id: 'b00a0bb22672ff238978357d83053cd4') in 0.009927 seconds
Number of updated asset objects reloaded before import = 0
Number of asset objects unloaded after import = 1
========================================================================
Received Import Request.
  Time since last request: 27.419997 seconds.
  path: Assets/素材/New Animator Controller.controller
  artifactKey: Guid(adb39d8390b456a4aaf253a79ee19efa) Importer(815301076,1909f56bfc062723c751e8b465ee728b)
Start importing Assets/素材/New Animator Controller.controller using Guid(adb39d8390b456a4aaf253a79ee19efa) Importer(815301076,1909f56bfc062723c751e8b465ee728b)  -> (artifact id: '4bddd955fe7b7eea067cc623c9dcd37c') in 0.003611 seconds
Number of updated asset objects reloaded before import = 0
Number of asset objects unloaded after import = 4
========================================================================
Received Import Request.
  Time since last request: 34.694506 seconds.
  path: Assets/素材
  artifactKey: Guid(a5b27b158e437a446a955c2f5279c3a8) Importer(815301076,1909f56bfc062723c751e8b465ee728b)
Start importing Assets/素材 using Guid(a5b27b158e437a446a955c2f5279c3a8) Importer(815301076,1909f56bfc062723c751e8b465ee728b)  -> (artifact id: '29093201ee2ae0a62f979dd05ea523fc') in 0.000751 seconds
Number of updated asset objects reloaded before import = 0
Number of asset objects unloaded after import = 0
========================================================================
Received Import Request.
  Time since last request: 286.594944 seconds.
  path: Assets/素材/青年女2/青年女_right0000-1.png
  artifactKey: Guid(f607dcac074046347a9f5c9cc9f823f6) Importer(815301076,1909f56bfc062723c751e8b465ee728b)
Start importing Assets/素材/青年女2/青年女_right0000-1.png using Guid(f607dcac074046347a9f5c9cc9f823f6) Importer(815301076,1909f56bfc062723c751e8b465ee728b)  -> (artifact id: 'd4b5a973899655a495ce39adb352a38e') in 0.054669 seconds
Number of updated asset objects reloaded before import = 0
Number of asset objects unloaded after import = 2
========================================================================
Received Import Request.
  Time since last request: 0.000035 seconds.
  path: Assets/素材/青年女2/青年女_right0000-3.png
  artifactKey: Guid(adead9cc32c345248beb59773686af2d) Importer(815301076,1909f56bfc062723c751e8b465ee728b)
Start importing Assets/素材/青年女2/青年女_right0000-3.png using Guid(adead9cc32c345248beb59773686af2d) Importer(815301076,1909f56bfc062723c751e8b465ee728b)  -> (artifact id: 'da3e4c41b8f7c47c957fb87ff3ab2370') in 0.062000 seconds
Number of updated asset objects reloaded before import = 0
Number of asset objects unloaded after import = 2
========================================================================
Received Import Request.
  Time since last request: 0.000023 seconds.
  path: Assets/素材/青年女2/青年女_right0000-6.png
  artifactKey: Guid(31eb87cc12982ce4cbf17433de5e5ff5) Importer(815301076,1909f56bfc062723c751e8b465ee728b)
Start importing Assets/素材/青年女2/青年女_right0000-6.png using Guid(31eb87cc12982ce4cbf17433de5e5ff5) Importer(815301076,1909f56bfc062723c751e8b465ee728b)  -> (artifact id: 'f542d2845fe3e3e4ccb60d6c8344fdd7') in 0.046992 seconds
Number of updated asset objects reloaded before import = 0
Number of asset objects unloaded after import = 2
========================================================================
Received Import Request.
  Time since last request: 0.000051 seconds.
  path: Assets/素材/青年女2/青年女_right0000-4.png
  artifactKey: Guid(f09bc922fcd61ff4eb126d27e1454a6b) Importer(815301076,1909f56bfc062723c751e8b465ee728b)
Start importing Assets/素材/青年女2/青年女_right0000-4.png using Guid(f09bc922fcd61ff4eb126d27e1454a6b) Importer(815301076,1909f56bfc062723c751e8b465ee728b)  -> (artifact id: '5cc037e80b14ce6f9abd00757d93db74') in 0.049554 seconds
Number of updated asset objects reloaded before import = 0
Number of asset objects unloaded after import = 2
========================================================================
Received Import Request.
  Time since last request: 56.402223 seconds.
  path: Assets/素材/青年女2/teenWomen.anim
  artifactKey: Guid(aa38f84abad8e4c4a99a5e6e73d3726b) Importer(815301076,1909f56bfc062723c751e8b465ee728b)
Start importing Assets/素材/青年女2/teenWomen.anim using Guid(aa38f84abad8e4c4a99a5e6e73d3726b) Importer(815301076,1909f56bfc062723c751e8b465ee728b)  -> (artifact id: '34a8d262402793989886c6f14f3153f0') in 0.002026 seconds
Number of updated asset objects reloaded before import = 0
Number of asset objects unloaded after import = 1
========================================================================
Received Import Request.
  Time since last request: 82.155872 seconds.
  path: Assets/素材/青年女2/青年女_right0000-1.png
  artifactKey: Guid(f607dcac074046347a9f5c9cc9f823f6) Importer(815301076,1909f56bfc062723c751e8b465ee728b)
Start importing Assets/素材/青年女2/青年女_right0000-1.png using Guid(f607dcac074046347a9f5c9cc9f823f6) Importer(815301076,1909f56bfc062723c751e8b465ee728b)  -> (artifact id: 'f04a2f09d633428f973861b164d292e9') in 0.036587 seconds
Number of updated asset objects reloaded before import = 0
Number of asset objects unloaded after import = 3
========================================================================
Received Import Request.
  Time since last request: 7.239140 seconds.
  path: Assets/素材/青年女2/青年女_right0000-2.png
  artifactKey: Guid(39a942eb1fd793e4faf9c0786ec59ba5) Importer(815301076,1909f56bfc062723c751e8b465ee728b)
Start importing Assets/素材/青年女2/青年女_right0000-2.png using Guid(39a942eb1fd793e4faf9c0786ec59ba5) Importer(815301076,1909f56bfc062723c751e8b465ee728b)  -> (artifact id: '9957d9ba24eff0d56c7fde1f17a45f6b') in 0.046786 seconds
Number of updated asset objects reloaded before import = 0
Number of asset objects unloaded after import = 3
========================================================================
Received Import Request.
  Time since last request: 0.000025 seconds.
  path: Assets/素材/青年女2/青年女_right0000-6.png
  artifactKey: Guid(31eb87cc12982ce4cbf17433de5e5ff5) Importer(815301076,1909f56bfc062723c751e8b465ee728b)
Start importing Assets/素材/青年女2/青年女_right0000-6.png using Guid(31eb87cc12982ce4cbf17433de5e5ff5) Importer(815301076,1909f56bfc062723c751e8b465ee728b)  -> (artifact id: '9d3726a043f0f30f932e6c8ef5fd8153') in 0.035198 seconds
Number of updated asset objects reloaded before import = 0
Number of asset objects unloaded after import = 3
========================================================================
Received Import Request.
  Time since last request: 0.000023 seconds.
  path: Assets/素材/青年女2/青年女_right0000-5.png
  artifactKey: Guid(15773687f66215c42b2ded3713dd915e) Importer(815301076,1909f56bfc062723c751e8b465ee728b)
Start importing Assets/素材/青年女2/青年女_right0000-5.png using Guid(15773687f66215c42b2ded3713dd915e) Importer(815301076,1909f56bfc062723c751e8b465ee728b)  -> (artifact id: '8f9ab134e3d07ccca7f40a6469ea39f5') in 0.034682 seconds
Number of updated asset objects reloaded before import = 0
Number of asset objects unloaded after import = 3
========================================================================
Received Import Request.
  Time since last request: 0.000070 seconds.
  path: Assets/素材/青年女2/青年女_right0000-4.png
  artifactKey: Guid(f09bc922fcd61ff4eb126d27e1454a6b) Importer(815301076,1909f56bfc062723c751e8b465ee728b)
Start importing Assets/素材/青年女2/青年女_right0000-4.png using Guid(f09bc922fcd61ff4eb126d27e1454a6b) Importer(815301076,1909f56bfc062723c751e8b465ee728b)  -> (artifact id: 'c7a1ef04d7b860ef681269caf15e6e79') in 0.037202 seconds
Number of updated asset objects reloaded before import = 0
Number of asset objects unloaded after import = 3
========================================================================
Received Import Request.
  Time since last request: 41.637399 seconds.
  path: Assets/素材/青年女2/New Animation.anim
  artifactKey: Guid(d85854d8b336539448f2f1e2bfa9eadf) Importer(815301076,1909f56bfc062723c751e8b465ee728b)
Start importing Assets/素材/青年女2/New Animation.anim using Guid(d85854d8b336539448f2f1e2bfa9eadf) Importer(815301076,1909f56bfc062723c751e8b465ee728b)  -> (artifact id: '29ad054bdc2011e4453266f570d11abb') in 0.001999 seconds
Number of updated asset objects reloaded before import = 0
Number of asset objects unloaded after import = 1
========================================================================
Received Import Request.
  Time since last request: 10.691182 seconds.
  path: Assets/素材/青年女2/teenWomen.anim
  artifactKey: Guid(d85854d8b336539448f2f1e2bfa9eadf) Importer(815301076,1909f56bfc062723c751e8b465ee728b)
Start importing Assets/素材/青年女2/teenWomen.anim using Guid(d85854d8b336539448f2f1e2bfa9eadf) Importer(815301076,1909f56bfc062723c751e8b465ee728b)  -> (artifact id: '20fcee578598360af8e956a3ef1b1974') in 0.001791 seconds
Number of updated asset objects reloaded before import = 0
Number of asset objects unloaded after import = 1
========================================================================
Received Import Request.
  Time since last request: 10.989442 seconds.
  path: Assets/Scenes/tombstone.png
  artifactKey: Guid(8ed17b726c10d37439461d107ea3775f) Importer(815301076,1909f56bfc062723c751e8b465ee728b)
Start importing Assets/Scenes/tombstone.png using Guid(8ed17b726c10d37439461d107ea3775f) Importer(815301076,1909f56bfc062723c751e8b465ee728b)  -> (artifact id: '951be63aa61a928a4560aec9ba3f063f') in 0.042579 seconds
Number of updated asset objects reloaded before import = 0
Number of asset objects unloaded after import = 3
========================================================================
Received Import Request.
  Time since last request: 255.238633 seconds.
  path: Assets/素材/青年女2/青年女_right0000-1.png
  artifactKey: Guid(f607dcac074046347a9f5c9cc9f823f6) Importer(815301076,1909f56bfc062723c751e8b465ee728b)
Start importing Assets/素材/青年女2/青年女_right0000-1.png using Guid(f607dcac074046347a9f5c9cc9f823f6) Importer(815301076,1909f56bfc062723c751e8b465ee728b)  -> (artifact id: '68a9f7d7a416029a92332dec3fb442ab') in 0.677424 seconds
Number of updated asset objects reloaded before import = 0
Number of asset objects unloaded after import = 2
========================================================================
Received Import Request.
  Time since last request: 0.007000 seconds.
  path: Assets/素材/青年女2/青年女_right0000-3.png
  artifactKey: Guid(adead9cc32c345248beb59773686af2d) Importer(815301076,1909f56bfc062723c751e8b465ee728b)
Start importing Assets/素材/青年女2/青年女_right0000-3.png using Guid(adead9cc32c345248beb59773686af2d) Importer(815301076,1909f56bfc062723c751e8b465ee728b)  -> (artifact id: 'f2dd834bcdebd18e6a7954c8cd1fb10e') in 0.144336 seconds
Number of updated asset objects reloaded before import = 0
Number of asset objects unloaded after import = 2
========================================================================
Received Import Request.
  Time since last request: 0.000580 seconds.
  path: Assets/素材/青年女2/青年女_right0000-5.png
  artifactKey: Guid(15773687f66215c42b2ded3713dd915e) Importer(815301076,1909f56bfc062723c751e8b465ee728b)
Start importing Assets/素材/青年女2/青年女_right0000-5.png using Guid(15773687f66215c42b2ded3713dd915e) Importer(815301076,1909f56bfc062723c751e8b465ee728b)  -> (artifact id: '3729ca010af805d75867d7bb6c0911a6') in 0.198035 seconds
Number of updated asset objects reloaded before import = 0
Number of asset objects unloaded after import = 2
========================================================================
Received Import Request.
  Time since last request: 0.000058 seconds.
  path: Assets/素材/青年女2/青年女_right0000-4.png
  artifactKey: Guid(f09bc922fcd61ff4eb126d27e1454a6b) Importer(815301076,1909f56bfc062723c751e8b465ee728b)
Start importing Assets/素材/青年女2/青年女_right0000-4.png using Guid(f09bc922fcd61ff4eb126d27e1454a6b) Importer(815301076,1909f56bfc062723c751e8b465ee728b)  -> (artifact id: '7d33e9dfbe230ef24f7a5c88752339e4') in 0.176035 seconds
Number of updated asset objects reloaded before import = 0
Number of asset objects unloaded after import = 2
========================================================================
Received Import Request.
  Time since last request: 10.717661 seconds.
  path: Assets/素材/青年女2/青年女_right0000-1.png
  artifactKey: Guid(f607dcac074046347a9f5c9cc9f823f6) Importer(815301076,1909f56bfc062723c751e8b465ee728b)
Start importing Assets/素材/青年女2/青年女_right0000-1.png using Guid(f607dcac074046347a9f5c9cc9f823f6) Importer(815301076,1909f56bfc062723c751e8b465ee728b)  -> (artifact id: 'b79f75e1157e437ecc75f9f579fb9288') in 0.086750 seconds
Number of updated asset objects reloaded before import = 0
Number of asset objects unloaded after import = 3
========================================================================
Received Import Request.
  Time since last request: 0.000044 seconds.
  path: Assets/素材/青年女2/青年女_right0000-6.png
  artifactKey: Guid(31eb87cc12982ce4cbf17433de5e5ff5) Importer(815301076,1909f56bfc062723c751e8b465ee728b)
Start importing Assets/素材/青年女2/青年女_right0000-6.png using Guid(31eb87cc12982ce4cbf17433de5e5ff5) Importer(815301076,1909f56bfc062723c751e8b465ee728b)  -> (artifact id: '3efe6ce2f1b70047d928e5646bc344b5') in 0.074644 seconds
Number of updated asset objects reloaded before import = 0
Number of asset objects unloaded after import = 3
========================================================================
Received Import Request.
  Time since last request: 0.000044 seconds.
  path: Assets/素材/青年女2/青年女_right0000-5.png
  artifactKey: Guid(15773687f66215c42b2ded3713dd915e) Importer(815301076,1909f56bfc062723c751e8b465ee728b)
Start importing Assets/素材/青年女2/青年女_right0000-5.png using Guid(15773687f66215c42b2ded3713dd915e) Importer(815301076,1909f56bfc062723c751e8b465ee728b)  -> (artifact id: '16ef96b98667157c65519f38b53f7b2b') in 0.070101 seconds
Number of updated asset objects reloaded before import = 0
Number of asset objects unloaded after import = 3
========================================================================
Received Import Request.
  Time since last request: 1259.800975 seconds.
  path: Assets/素材/青年女2/青年女_right0000-1.2.png
  artifactKey: Guid(65a0a4fda0633d84bb9066eda14beb07) Importer(815301076,1909f56bfc062723c751e8b465ee728b)
Start importing Assets/素材/青年女2/青年女_right0000-1.2.png using Guid(65a0a4fda0633d84bb9066eda14beb07) Importer(815301076,1909f56bfc062723c751e8b465ee728b)  -> (artifact id: 'dceced9b9c4dac72a3f8722d1074ea48') in 0.127060 seconds
Number of updated asset objects reloaded before import = 0
Number of asset objects unloaded after import = 2
========================================================================
Received Import Request.
  Time since last request: 8.665392 seconds.
  path: Assets/素材/青年女2/青年女_right0000-1.2.png
  artifactKey: Guid(65a0a4fda0633d84bb9066eda14beb07) Importer(815301076,1909f56bfc062723c751e8b465ee728b)
Start importing Assets/素材/青年女2/青年女_right0000-1.2.png using Guid(65a0a4fda0633d84bb9066eda14beb07) Importer(815301076,1909f56bfc062723c751e8b465ee728b)  -> (artifact id: 'b8855361c527e13b7703299580bbbe9b') in 0.042905 seconds
Number of updated asset objects reloaded before import = 0
Number of asset objects unloaded after import = 3
========================================================================
Received Import Request.
  Time since last request: 318.359065 seconds.
  path: Assets/素材/青年女2/青年女_right0000-1.png
  artifactKey: Guid(f607dcac074046347a9f5c9cc9f823f6) Importer(815301076,1909f56bfc062723c751e8b465ee728b)
Start importing Assets/素材/青年女2/青年女_right0000-1.png using Guid(f607dcac074046347a9f5c9cc9f823f6) Importer(815301076,1909f56bfc062723c751e8b465ee728b)  -> (artifact id: 'acef37ed3d77b5b3bc9d0be6b54d70b9') in 0.039619 seconds
Number of updated asset objects reloaded before import = 0
Number of asset objects unloaded after import = 3
========================================================================
Received Prepare
Begin MonoManager ReloadAssembly
- Loaded All Assemblies, in  2.034 seconds
Refreshing native plugins compatible for Editor in 20.55 ms, found 3 plugins.
Native extension for WindowsStandalone target not found
[Package Manager] Server::EnsureServerProcessIsRunning -- launch failed, reason: Unity was launched with the -noUpm command-line argument
[Package Manager] UpmClient::Send -- Unable to send message (not connected to UPM process).
[Package Manager] Cannot connect to Unity Package Manager local server
Mono: successfully reloaded assembly
- Finished resetting the current domain, in  3.403 seconds
Domain Reload Profiling: 5396ms
	BeginReloadAssembly (1144ms)
		ExecutionOrderSort (0ms)
		DisableScriptedObjects (14ms)
		BackupInstance (0ms)
		ReleaseScriptingObjects (0ms)
		CreateAndSetChildDomain (282ms)
	RebuildCommonClasses (79ms)
	RebuildNativeTypeToScriptingClass (22ms)
	initialDomainReloadingComplete (140ms)
	LoadAllAssembliesAndSetupDomain (606ms)
		LoadAssemblies (1015ms)
		RebuildTransferFunctionScriptingTraits (0ms)
		AnalyzeDomain (20ms)
			TypeCache.Refresh (9ms)
				TypeCache.ScanAssembly (0ms)
			ScanForSourceGeneratedMonoScriptInfo (0ms)
			ResolveRequiredComponents (9ms)
	FinalizeReload (3404ms)
		ReleaseScriptCaches (0ms)
		RebuildScriptCaches (0ms)
		SetupLoadedEditorAssemblies (1066ms)
			LogAssemblyErrors (0ms)
			InitializePlatformSupportModulesInManaged (24ms)
			SetLoadedEditorAssemblies (5ms)
			RefreshPlugins (0ms)
			BeforeProcessingInitializeOnLoad (193ms)
			ProcessInitializeOnLoadAttributes (732ms)
			ProcessInitializeOnLoadMethodAttributes (39ms)
			AfterProcessingInitializeOnLoad (72ms)
			EditorAssembliesLoaded (0ms)
		ExecutionOrderSort2 (0ms)
		AwakeInstancesAfterBackupRestoration (11ms)
Refreshing native plugins compatible for Editor in 37.89 ms, found 3 plugins.
Preloading 0 native plugins for Editor in 0.00 ms.
Unloading 3114 Unused Serialized files (Serialized files now loaded: 0)
Unloading 23 unused Assets / (31.1 KB). Loaded Objects now: 3617.
Memory consumption went from 129.1 MB to 129.0 MB.
Total: 10.317600 ms (FindLiveObjects: 0.499300 ms CreateObjectMapping: 0.339900 ms MarkObjects: 9.343100 ms  DeleteObjects: 0.133300 ms)

Prepare: number of updated asset objects reloaded= 0
AssetImportParameters requested are different than current active one (requested -> active):
  custom:container-demuxer-ogg: 62fdf1f143b41e24485cea50d1cbac27 -> 
  custom:video-decoder-ogg-theora: a1e56fd34408186e4bbccfd4996cb3dc -> 
  custom:framework-win-MediaFoundation: 216162199b28c13a410421893ffa2e32 -> 
  custom:CustomObjectIndexerAttribute: 756ad292c208cfabdd7b50bc23989ffe -> 
  custom:container-demuxer-webm: 4f35f7cbe854078d1ac9338744f61a02 -> 
  custom:container-muxer-webm: aa71ff27fc2769a1b78a27578f13a17b -> 
  custom:video-decoder-webm-vp8: 9c59270c3fd7afecdb556c50c9e8de78 -> 
  custom:SearchIndexIgnoredProperties: e643bd26f0fe6173181afceb89e7c659 -> 
  custom:AudioImporter_EditorPlatform: d09bf68614088b80899f8185d706f6e7 -> 
  custom:video-encoder-webm-vp8: eb34c28f22e8b96e1ab97ce403110664 -> 
  custom:audio-decoder-ogg-vorbis: bf7c407c2cedff20999df2af8eb42d56 -> 
  custom:audio-encoder-webm-vorbis: bf7c407c2cedff20999df2af8eb42d56 -> 
========================================================================
Received Import Request.
  Time since last request: 279.707596 seconds.
  path: Assets/素材/青年女2/青年女_right0000-2.png
  artifactKey: Guid(39a942eb1fd793e4faf9c0786ec59ba5) Importer(815301076,1909f56bfc062723c751e8b465ee728b)
Start importing Assets/素材/青年女2/青年女_right0000-2.png using Guid(39a942eb1fd793e4faf9c0786ec59ba5) Importer(815301076,1909f56bfc062723c751e8b465ee728b)  -> (artifact id: 'ef33851501ddf4eea6b01f7d4c68c273') in 0.159339 seconds
Number of updated asset objects reloaded before import = 0
Number of asset objects unloaded after import = 3
========================================================================
Received Import Request.
  Time since last request: 0.000334 seconds.
  path: Assets/素材/青年女2/青年女_right0000-5.png
  artifactKey: Guid(15773687f66215c42b2ded3713dd915e) Importer(815301076,1909f56bfc062723c751e8b465ee728b)
Start importing Assets/素材/青年女2/青年女_right0000-5.png using Guid(15773687f66215c42b2ded3713dd915e) Importer(815301076,1909f56bfc062723c751e8b465ee728b)  -> (artifact id: '43012e9699a1fe9b2adeee69e43ca8d4') in 0.060021 seconds
Number of updated asset objects reloaded before import = 0
Number of asset objects unloaded after import = 3
========================================================================
Received Import Request.
  Time since last request: 0.000021 seconds.
  path: Assets/素材/青年女2/青年女_right0000-7.png
  artifactKey: Guid(a970b22febe8e504da3094b74e2e666a) Importer(815301076,1909f56bfc062723c751e8b465ee728b)
Start importing Assets/素材/青年女2/青年女_right0000-7.png using Guid(a970b22febe8e504da3094b74e2e666a) Importer(815301076,1909f56bfc062723c751e8b465ee728b)  -> (artifact id: '8b3d3e32dc85c14596f1350a9f984f45') in 0.067216 seconds
Number of updated asset objects reloaded before import = 0
Number of asset objects unloaded after import = 3
========================================================================
Received Import Request.
  Time since last request: 18.907634 seconds.
  path: Assets/素材/women.anim
  artifactKey: Guid(d67a86349788e304e8c47b118f10e44b) Importer(815301076,1909f56bfc062723c751e8b465ee728b)
Start importing Assets/素材/women.anim using Guid(d67a86349788e304e8c47b118f10e44b) Importer(815301076,1909f56bfc062723c751e8b465ee728b)  -> (artifact id: '60fd27c23a5da03a02ac513d203ca840') in 0.002658 seconds
Number of updated asset objects reloaded before import = 0
Number of asset objects unloaded after import = 1
========================================================================
Received Import Request.
  Time since last request: 31.367596 seconds.
  path: Assets/素材/青年女2/teenWomen.anim
  artifactKey: Guid(d85854d8b336539448f2f1e2bfa9eadf) Importer(815301076,1909f56bfc062723c751e8b465ee728b)
Start importing Assets/素材/青年女2/teenWomen.anim using Guid(d85854d8b336539448f2f1e2bfa9eadf) Importer(815301076,1909f56bfc062723c751e8b465ee728b)  -> (artifact id: '05fc45b613b3477e892f0850e3f8ffd1') in 0.001873 seconds
Number of updated asset objects reloaded before import = 0
Number of asset objects unloaded after import = 1
========================================================================
Received Import Request.
  Time since last request: 5.985061 seconds.
  path: Assets/素材/2076b6df98bd4f51cd96e0a8a21884a.controller
  artifactKey: Guid(534f4ec2503c6314983ec5557eecd746) Importer(815301076,1909f56bfc062723c751e8b465ee728b)
Start importing Assets/素材/2076b6df98bd4f51cd96e0a8a21884a.controller using Guid(534f4ec2503c6314983ec5557eecd746) Importer(815301076,1909f56bfc062723c751e8b465ee728b)  -> (artifact id: '7990dfd589ec86fd980c4cf12d76c553') in 0.015803 seconds
Number of updated asset objects reloaded before import = 0
Number of asset objects unloaded after import = 19
========================================================================
Received Prepare
Begin MonoManager ReloadAssembly
- Loaded All Assemblies, in  1.243 seconds
Refreshing native plugins compatible for Editor in 26.85 ms, found 3 plugins.
Native extension for WindowsStandalone target not found
[Package Manager] Server::EnsureServerProcessIsRunning -- launch failed, reason: Unity was launched with the -noUpm command-line argument
[Package Manager] UpmClient::Send -- Unable to send message (not connected to UPM process).
[Package Manager] Cannot connect to Unity Package Manager local server
Mono: successfully reloaded assembly
- Finished resetting the current domain, in  2.837 seconds
Domain Reload Profiling: 4044ms
	BeginReloadAssembly (345ms)
		ExecutionOrderSort (0ms)
		DisableScriptedObjects (6ms)
		BackupInstance (0ms)
		ReleaseScriptingObjects (0ms)
		CreateAndSetChildDomain (56ms)
	RebuildCommonClasses (60ms)
	RebuildNativeTypeToScriptingClass (19ms)
	initialDomainReloadingComplete (109ms)
	LoadAllAssembliesAndSetupDomain (673ms)
		LoadAssemblies (865ms)
		RebuildTransferFunctionScriptingTraits (0ms)
		AnalyzeDomain (21ms)
			TypeCache.Refresh (10ms)
				TypeCache.ScanAssembly (0ms)
			ScanForSourceGeneratedMonoScriptInfo (0ms)
			ResolveRequiredComponents (9ms)
	FinalizeReload (2838ms)
		ReleaseScriptCaches (0ms)
		RebuildScriptCaches (0ms)
		SetupLoadedEditorAssemblies (759ms)
			LogAssemblyErrors (0ms)
			InitializePlatformSupportModulesInManaged (19ms)
			SetLoadedEditorAssemblies (4ms)
			RefreshPlugins (0ms)
			BeforeProcessingInitializeOnLoad (134ms)
			ProcessInitializeOnLoadAttributes (523ms)
			ProcessInitializeOnLoadMethodAttributes (24ms)
			AfterProcessingInitializeOnLoad (55ms)
			EditorAssembliesLoaded (0ms)
		ExecutionOrderSort2 (0ms)
		AwakeInstancesAfterBackupRestoration (8ms)
Refreshing native plugins compatible for Editor in 22.79 ms, found 3 plugins.
Preloading 0 native plugins for Editor in 0.00 ms.
Unloading 3114 Unused Serialized files (Serialized files now loaded: 0)
Unloading 23 unused Assets / (31.1 KB). Loaded Objects now: 3620.
Memory consumption went from 131.0 MB to 131.0 MB.
Total: 3.479500 ms (FindLiveObjects: 0.253600 ms CreateObjectMapping: 0.097200 ms MarkObjects: 3.074100 ms  DeleteObjects: 0.053300 ms)

Prepare: number of updated asset objects reloaded= 0
AssetImportParameters requested are different than current active one (requested -> active):
  custom:container-demuxer-ogg: 62fdf1f143b41e24485cea50d1cbac27 -> 
  custom:video-decoder-ogg-theora: a1e56fd34408186e4bbccfd4996cb3dc -> 
  custom:framework-win-MediaFoundation: 216162199b28c13a410421893ffa2e32 -> 
  custom:CustomObjectIndexerAttribute: 756ad292c208cfabdd7b50bc23989ffe -> 
  custom:container-demuxer-webm: 4f35f7cbe854078d1ac9338744f61a02 -> 
  custom:container-muxer-webm: aa71ff27fc2769a1b78a27578f13a17b -> 
  custom:video-decoder-webm-vp8: 9c59270c3fd7afecdb556c50c9e8de78 -> 
  custom:SearchIndexIgnoredProperties: e643bd26f0fe6173181afceb89e7c659 -> 
  custom:AudioImporter_EditorPlatform: d09bf68614088b80899f8185d706f6e7 -> 
  custom:video-encoder-webm-vp8: eb34c28f22e8b96e1ab97ce403110664 -> 
  custom:audio-decoder-ogg-vorbis: bf7c407c2cedff20999df2af8eb42d56 -> 
  custom:audio-encoder-webm-vorbis: bf7c407c2cedff20999df2af8eb42d56 -> 
========================================================================
Received Prepare
Begin MonoManager ReloadAssembly
- Loaded All Assemblies, in  1.354 seconds
Refreshing native plugins compatible for Editor in 21.40 ms, found 3 plugins.
Native extension for WindowsStandalone target not found
[Package Manager] Server::EnsureServerProcessIsRunning -- launch failed, reason: Unity was launched with the -noUpm command-line argument
[Package Manager] UpmClient::Send -- Unable to send message (not connected to UPM process).
[Package Manager] Cannot connect to Unity Package Manager local server
Mono: successfully reloaded assembly
- Finished resetting the current domain, in  2.544 seconds
Domain Reload Profiling: 3859ms
	BeginReloadAssembly (361ms)
		ExecutionOrderSort (0ms)
		DisableScriptedObjects (7ms)
		BackupInstance (0ms)
		ReleaseScriptingObjects (0ms)
		CreateAndSetChildDomain (55ms)
	RebuildCommonClasses (55ms)
	RebuildNativeTypeToScriptingClass (23ms)
	initialDomainReloadingComplete (124ms)
	LoadAllAssembliesAndSetupDomain (752ms)
		LoadAssemblies (954ms)
		RebuildTransferFunctionScriptingTraits (0ms)
		AnalyzeDomain (20ms)
			TypeCache.Refresh (8ms)
				TypeCache.ScanAssembly (0ms)
			ScanForSourceGeneratedMonoScriptInfo (0ms)
			ResolveRequiredComponents (8ms)
	FinalizeReload (2545ms)
		ReleaseScriptCaches (0ms)
		RebuildScriptCaches (0ms)
		SetupLoadedEditorAssemblies (768ms)
			LogAssemblyErrors (0ms)
			InitializePlatformSupportModulesInManaged (19ms)
			SetLoadedEditorAssemblies (3ms)
			RefreshPlugins (0ms)
			BeforeProcessingInitializeOnLoad (135ms)
			ProcessInitializeOnLoadAttributes (538ms)
			ProcessInitializeOnLoadMethodAttributes (25ms)
			AfterProcessingInitializeOnLoad (48ms)
			EditorAssembliesLoaded (0ms)
		ExecutionOrderSort2 (0ms)
		AwakeInstancesAfterBackupRestoration (8ms)
Refreshing native plugins compatible for Editor in 25.75 ms, found 3 plugins.
Preloading 0 native plugins for Editor in 0.00 ms.
Unloading 3115 Unused Serialized files (Serialized files now loaded: 0)
Unloading 23 unused Assets / (31.1 KB). Loaded Objects now: 3623.
Memory consumption went from 133.2 MB to 133.2 MB.
Total: 3.155800 ms (FindLiveObjects: 0.396100 ms CreateObjectMapping: 0.096000 ms MarkObjects: 2.611300 ms  DeleteObjects: 0.051100 ms)

Prepare: number of updated asset objects reloaded= 0
AssetImportParameters requested are different than current active one (requested -> active):
  custom:container-demuxer-ogg: 62fdf1f143b41e24485cea50d1cbac27 -> 
  custom:video-decoder-ogg-theora: a1e56fd34408186e4bbccfd4996cb3dc -> 
  custom:framework-win-MediaFoundation: 216162199b28c13a410421893ffa2e32 -> 
  custom:CustomObjectIndexerAttribute: 756ad292c208cfabdd7b50bc23989ffe -> 
  custom:container-demuxer-webm: 4f35f7cbe854078d1ac9338744f61a02 -> 
  custom:container-muxer-webm: aa71ff27fc2769a1b78a27578f13a17b -> 
  custom:video-decoder-webm-vp8: 9c59270c3fd7afecdb556c50c9e8de78 -> 
  custom:SearchIndexIgnoredProperties: e643bd26f0fe6173181afceb89e7c659 -> 
  custom:AudioImporter_EditorPlatform: d09bf68614088b80899f8185d706f6e7 -> 
  custom:video-encoder-webm-vp8: eb34c28f22e8b96e1ab97ce403110664 -> 
  custom:audio-decoder-ogg-vorbis: bf7c407c2cedff20999df2af8eb42d56 -> 
  custom:audio-encoder-webm-vorbis: bf7c407c2cedff20999df2af8eb42d56 -> 
========================================================================
Received Prepare
Begin MonoManager ReloadAssembly
- Loaded All Assemblies, in  1.520 seconds
Refreshing native plugins compatible for Editor in 28.75 ms, found 3 plugins.
Native extension for WindowsStandalone target not found
[Package Manager] Server::EnsureServerProcessIsRunning -- launch failed, reason: Unity was launched with the -noUpm command-line argument
[Package Manager] UpmClient::Send -- Unable to send message (not connected to UPM process).
[Package Manager] Cannot connect to Unity Package Manager local server
Mono: successfully reloaded assembly
- Finished resetting the current domain, in  2.814 seconds
Domain Reload Profiling: 4285ms
	BeginReloadAssembly (382ms)
		ExecutionOrderSort (0ms)
		DisableScriptedObjects (7ms)
		BackupInstance (0ms)
		ReleaseScriptingObjects (0ms)
		CreateAndSetChildDomain (60ms)
	RebuildCommonClasses (59ms)
	RebuildNativeTypeToScriptingClass (17ms)
	initialDomainReloadingComplete (121ms)
	LoadAllAssembliesAndSetupDomain (892ms)
		LoadAssemblies (1100ms)
		RebuildTransferFunctionScriptingTraits (0ms)
		AnalyzeDomain (23ms)
			TypeCache.Refresh (11ms)
				TypeCache.ScanAssembly (0ms)
			ScanForSourceGeneratedMonoScriptInfo (0ms)
			ResolveRequiredComponents (9ms)
	FinalizeReload (2814ms)
		ReleaseScriptCaches (0ms)
		RebuildScriptCaches (0ms)
		SetupLoadedEditorAssemblies (794ms)
			LogAssemblyErrors (0ms)
			InitializePlatformSupportModulesInManaged (21ms)
			SetLoadedEditorAssemblies (4ms)
			RefreshPlugins (0ms)
			BeforeProcessingInitializeOnLoad (153ms)
			ProcessInitializeOnLoadAttributes (535ms)
			ProcessInitializeOnLoadMethodAttributes (25ms)
			AfterProcessingInitializeOnLoad (55ms)
			EditorAssembliesLoaded (0ms)
		ExecutionOrderSort2 (0ms)
		AwakeInstancesAfterBackupRestoration (9ms)
Refreshing native plugins compatible for Editor in 27.76 ms, found 3 plugins.
Preloading 0 native plugins for Editor in 0.00 ms.
Unloading 3115 Unused Serialized files (Serialized files now loaded: 0)
Unloading 23 unused Assets / (31.1 KB). Loaded Objects now: 3626.
Memory consumption went from 135.1 MB to 135.1 MB.
Total: 3.414700 ms (FindLiveObjects: 0.309400 ms CreateObjectMapping: 0.141700 ms MarkObjects: 2.881000 ms  DeleteObjects: 0.081700 ms)

Prepare: number of updated asset objects reloaded= 0
AssetImportParameters requested are different than current active one (requested -> active):
  custom:container-demuxer-ogg: 62fdf1f143b41e24485cea50d1cbac27 -> 
  custom:video-decoder-ogg-theora: a1e56fd34408186e4bbccfd4996cb3dc -> 
  custom:framework-win-MediaFoundation: 216162199b28c13a410421893ffa2e32 -> 
  custom:CustomObjectIndexerAttribute: 756ad292c208cfabdd7b50bc23989ffe -> 
  custom:container-demuxer-webm: 4f35f7cbe854078d1ac9338744f61a02 -> 
  custom:container-muxer-webm: aa71ff27fc2769a1b78a27578f13a17b -> 
  custom:video-decoder-webm-vp8: 9c59270c3fd7afecdb556c50c9e8de78 -> 
  custom:SearchIndexIgnoredProperties: e643bd26f0fe6173181afceb89e7c659 -> 
  custom:AudioImporter_EditorPlatform: d09bf68614088b80899f8185d706f6e7 -> 
  custom:video-encoder-webm-vp8: eb34c28f22e8b96e1ab97ce403110664 -> 
  custom:audio-decoder-ogg-vorbis: bf7c407c2cedff20999df2af8eb42d56 -> 
  custom:audio-encoder-webm-vorbis: bf7c407c2cedff20999df2af8eb42d56 -> 
========================================================================
Received Import Request.
  Time since last request: 730.478962 seconds.
  path: Assets/Scenes/Galmuri.ttc
  artifactKey: Guid(e8226fd0cf83af04886fd070a7443ea7) Importer(815301076,1909f56bfc062723c751e8b465ee728b)
Start importing Assets/Scenes/Galmuri.ttc using Guid(e8226fd0cf83af04886fd070a7443ea7) Importer(815301076,1909f56bfc062723c751e8b465ee728b)  -> (artifact id: '2c7205c76b93fba21becdc9f588aaa73') in 0.133983 seconds
Number of updated asset objects reloaded before import = 0
Number of asset objects unloaded after import = 4
========================================================================
Received Prepare
Begin MonoManager ReloadAssembly
- Loaded All Assemblies, in  1.260 seconds
Refreshing native plugins compatible for Editor in 25.45 ms, found 3 plugins.
Native extension for WindowsStandalone target not found
[Package Manager] Server::EnsureServerProcessIsRunning -- launch failed, reason: Unity was launched with the -noUpm command-line argument
[Package Manager] UpmClient::Send -- Unable to send message (not connected to UPM process).
[Package Manager] Cannot connect to Unity Package Manager local server
Mono: successfully reloaded assembly
- Finished resetting the current domain, in  2.510 seconds
Domain Reload Profiling: 3737ms
	BeginReloadAssembly (345ms)
		ExecutionOrderSort (0ms)
		DisableScriptedObjects (6ms)
		BackupInstance (0ms)
		ReleaseScriptingObjects (0ms)
		CreateAndSetChildDomain (55ms)
	RebuildCommonClasses (61ms)
	RebuildNativeTypeToScriptingClass (17ms)
	initialDomainReloadingComplete (114ms)
	LoadAllAssembliesAndSetupDomain (690ms)
		LoadAssemblies (879ms)
		RebuildTransferFunctionScriptingTraits (0ms)
		AnalyzeDomain (24ms)
			TypeCache.Refresh (10ms)
				TypeCache.ScanAssembly (0ms)
			ScanForSourceGeneratedMonoScriptInfo (0ms)
			ResolveRequiredComponents (11ms)
	FinalizeReload (2510ms)
		ReleaseScriptCaches (0ms)
		RebuildScriptCaches (0ms)
		SetupLoadedEditorAssemblies (740ms)
			LogAssemblyErrors (0ms)
			InitializePlatformSupportModulesInManaged (17ms)
			SetLoadedEditorAssemblies (5ms)
			RefreshPlugins (0ms)
			BeforeProcessingInitializeOnLoad (127ms)
			ProcessInitializeOnLoadAttributes (519ms)
			ProcessInitializeOnLoadMethodAttributes (18ms)
			AfterProcessingInitializeOnLoad (53ms)
			EditorAssembliesLoaded (0ms)
		ExecutionOrderSort2 (0ms)
		AwakeInstancesAfterBackupRestoration (8ms)
Refreshing native plugins compatible for Editor in 20.46 ms, found 3 plugins.
Preloading 0 native plugins for Editor in 0.00 ms.
Unloading 3114 Unused Serialized files (Serialized files now loaded: 0)
Unloading 23 unused Assets / (31.1 KB). Loaded Objects now: 3670.
Memory consumption went from 137.2 MB to 137.2 MB.
Total: 2.885100 ms (FindLiveObjects: 0.256500 ms CreateObjectMapping: 0.135200 ms MarkObjects: 2.446400 ms  DeleteObjects: 0.046100 ms)

Prepare: number of updated asset objects reloaded= 0
AssetImportParameters requested are different than current active one (requested -> active):
  custom:container-demuxer-ogg: 62fdf1f143b41e24485cea50d1cbac27 -> 
  custom:video-decoder-ogg-theora: a1e56fd34408186e4bbccfd4996cb3dc -> 
  custom:framework-win-MediaFoundation: 216162199b28c13a410421893ffa2e32 -> 
  custom:CustomObjectIndexerAttribute: 756ad292c208cfabdd7b50bc23989ffe -> 
  custom:container-demuxer-webm: 4f35f7cbe854078d1ac9338744f61a02 -> 
  custom:container-muxer-webm: aa71ff27fc2769a1b78a27578f13a17b -> 
  custom:video-decoder-webm-vp8: 9c59270c3fd7afecdb556c50c9e8de78 -> 
  custom:SearchIndexIgnoredProperties: e643bd26f0fe6173181afceb89e7c659 -> 
  custom:AudioImporter_EditorPlatform: d09bf68614088b80899f8185d706f6e7 -> 
  custom:video-encoder-webm-vp8: eb34c28f22e8b96e1ab97ce403110664 -> 
  custom:audio-decoder-ogg-vorbis: bf7c407c2cedff20999df2af8eb42d56 -> 
  custom:audio-encoder-webm-vorbis: bf7c407c2cedff20999df2af8eb42d56 -> 
========================================================================
Received Import Request.
  Time since last request: 743.196825 seconds.
  path: Assets/Scenes/Galmuri SDF.asset
  artifactKey: Guid(6c314887469de1043932b1a8cc394e7f) Importer(815301076,1909f56bfc062723c751e8b465ee728b)
Start importing Assets/Scenes/Galmuri SDF.asset using Guid(6c314887469de1043932b1a8cc394e7f) Importer(815301076,1909f56bfc062723c751e8b465ee728b)  -> (artifact id: '971ff21622f701a2b3827b332f94e085') in 0.170034 seconds
Number of updated asset objects reloaded before import = 0
Number of asset objects unloaded after import = 6
========================================================================
Received Import Request.
  Time since last request: 277.656148 seconds.
  path: Assets/uimananger.cs
  artifactKey: Guid(38a64e95d60188f448290c01bb2ce9af) Importer(815301076,1909f56bfc062723c751e8b465ee728b)
Start importing Assets/uimananger.cs using Guid(38a64e95d60188f448290c01bb2ce9af) Importer(815301076,1909f56bfc062723c751e8b465ee728b)  -> (artifact id: 'bb7674d23fbe079368e939e486cd6472') in 0.001048 seconds
Number of updated asset objects reloaded before import = 0
Number of asset objects unloaded after import = 0
========================================================================
Received Import Request.
  Time since last request: 76.438086 seconds.
  path: Assets/TypewriterEffect.cs
  artifactKey: Guid(0efb08db0af91b443b3cb4fb6405e38c) Importer(815301076,1909f56bfc062723c751e8b465ee728b)
Start importing Assets/TypewriterEffect.cs using Guid(0efb08db0af91b443b3cb4fb6405e38c) Importer(815301076,1909f56bfc062723c751e8b465ee728b)  -> (artifact id: '6e95ba5da76f7f64669836519bf42045') in 0.005805 seconds
Number of updated asset objects reloaded before import = 0
Number of asset objects unloaded after import = 0
========================================================================
Received Import Request.
  Time since last request: 29.813525 seconds.
  path: Assets/shuxingkongzhi.cs
  artifactKey: Guid(db7287ef1585b2d45867a18e59b62bd4) Importer(815301076,1909f56bfc062723c751e8b465ee728b)
Start importing Assets/shuxingkongzhi.cs using Guid(db7287ef1585b2d45867a18e59b62bd4) Importer(815301076,1909f56bfc062723c751e8b465ee728b)  -> (artifact id: '5e10c5f2195dbe8e6133e359cd81e96d') in 0.005587 seconds
Number of updated asset objects reloaded before import = 0
Number of asset objects unloaded after import = 0
========================================================================
Received Import Request.
  Time since last request: 702.648846 seconds.
  path: Assets/man.cs
  artifactKey: Guid(9a2e316a88558b447b2d2e73a4689e23) Importer(815301076,1909f56bfc062723c751e8b465ee728b)
Start importing Assets/man.cs using Guid(9a2e316a88558b447b2d2e73a4689e23) Importer(815301076,1909f56bfc062723c751e8b465ee728b)  -> (artifact id: '0b7524d0d723ebdc5f58e58dfb4d59e3') in 0.007421 seconds
Number of updated asset objects reloaded before import = 0
Number of asset objects unloaded after import = 0
========================================================================
Received Import Request.
  Time since last request: 48.763142 seconds.
  path: Assets/man.cs
  artifactKey: Guid(9a2e316a88558b447b2d2e73a4689e23) Importer(815301076,1909f56bfc062723c751e8b465ee728b)
Start importing Assets/man.cs using Guid(9a2e316a88558b447b2d2e73a4689e23) Importer(815301076,1909f56bfc062723c751e8b465ee728b)  -> (artifact id: 'f353505aacb84299ab01b23f71675a83') in 0.000889 seconds
Number of updated asset objects reloaded before import = 0
Number of asset objects unloaded after import = 0
========================================================================
Received Prepare
Begin MonoManager ReloadAssembly
- Loaded All Assemblies, in  3.684 seconds
Refreshing native plugins compatible for Editor in 16.97 ms, found 3 plugins.
Native extension for WindowsStandalone target not found
[Package Manager] Server::EnsureServerProcessIsRunning -- launch failed, reason: Unity was launched with the -noUpm command-line argument
[Package Manager] UpmClient::Send -- Unable to send message (not connected to UPM process).
[Package Manager] Cannot connect to Unity Package Manager local server
Mono: successfully reloaded assembly
- Finished resetting the current domain, in  7.477 seconds
Domain Reload Profiling: 11130ms
	BeginReloadAssembly (327ms)
		ExecutionOrderSort (0ms)
		DisableScriptedObjects (11ms)
		BackupInstance (0ms)
		ReleaseScriptingObjects (0ms)
		CreateAndSetChildDomain (56ms)
	RebuildCommonClasses (58ms)
	RebuildNativeTypeToScriptingClass (16ms)
	initialDomainReloadingComplete (105ms)
	LoadAllAssembliesAndSetupDomain (3147ms)
		LoadAssemblies (3304ms)
		RebuildTransferFunctionScriptingTraits (0ms)
		AnalyzeDomain (33ms)
			TypeCache.Refresh (12ms)
				TypeCache.ScanAssembly (1ms)
			ScanForSourceGeneratedMonoScriptInfo (13ms)
			ResolveRequiredComponents (7ms)
	FinalizeReload (7477ms)
		ReleaseScriptCaches (0ms)
		RebuildScriptCaches (0ms)
		SetupLoadedEditorAssemblies (1406ms)
			LogAssemblyErrors (0ms)
			InitializePlatformSupportModulesInManaged (19ms)
			SetLoadedEditorAssemblies (4ms)
			RefreshPlugins (0ms)
			BeforeProcessingInitializeOnLoad (163ms)
			ProcessInitializeOnLoadAttributes (1086ms)
			ProcessInitializeOnLoadMethodAttributes (33ms)
			AfterProcessingInitializeOnLoad (100ms)
			EditorAssembliesLoaded (0ms)
		ExecutionOrderSort2 (0ms)
		AwakeInstancesAfterBackupRestoration (11ms)
Refreshing native plugins compatible for Editor in 27.69 ms, found 3 plugins.
Preloading 0 native plugins for Editor in 0.00 ms.
Unloading 3114 Unused Serialized files (Serialized files now loaded: 0)
Unloading 23 unused Assets / (31.1 KB). Loaded Objects now: 3673.
Memory consumption went from 139.1 MB to 139.1 MB.
Total: 35.042000 ms (FindLiveObjects: 14.384900 ms CreateObjectMapping: 0.312400 ms MarkObjects: 20.211500 ms  DeleteObjects: 0.131500 ms)

Prepare: number of updated asset objects reloaded= 0
AssetImportParameters requested are different than current active one (requested -> active):
  custom:container-demuxer-ogg: 62fdf1f143b41e24485cea50d1cbac27 -> 
  custom:video-decoder-ogg-theora: a1e56fd34408186e4bbccfd4996cb3dc -> 
  custom:framework-win-MediaFoundation: 216162199b28c13a410421893ffa2e32 -> 
  custom:CustomObjectIndexerAttribute: 756ad292c208cfabdd7b50bc23989ffe -> 
  custom:container-demuxer-webm: 4f35f7cbe854078d1ac9338744f61a02 -> 
  custom:container-muxer-webm: aa71ff27fc2769a1b78a27578f13a17b -> 
  custom:video-decoder-webm-vp8: 9c59270c3fd7afecdb556c50c9e8de78 -> 
  custom:SearchIndexIgnoredProperties: e643bd26f0fe6173181afceb89e7c659 -> 
  custom:AudioImporter_EditorPlatform: d09bf68614088b80899f8185d706f6e7 -> 
  custom:video-encoder-webm-vp8: eb34c28f22e8b96e1ab97ce403110664 -> 
  custom:audio-decoder-ogg-vorbis: bf7c407c2cedff20999df2af8eb42d56 -> 
  custom:audio-encoder-webm-vorbis: bf7c407c2cedff20999df2af8eb42d56 -> 
========================================================================
Received Import Request.
  Time since last request: 715.876508 seconds.
  path: Assets/babaya.controller
  artifactKey: Guid(5fa477a3389300146845cb86506632a6) Importer(815301076,1909f56bfc062723c751e8b465ee728b)
Start importing Assets/babaya.controller using Guid(5fa477a3389300146845cb86506632a6) Importer(815301076,1909f56bfc062723c751e8b465ee728b)  -> (artifact id: '85a3616a36e811ed14c8892f670b3014') in 0.020192 seconds
Number of updated asset objects reloaded before import = 0
Number of asset objects unloaded after import = 12
========================================================================
Received Import Request.
  Time since last request: 11.707196 seconds.
  path: Assets/素材/New Animator Controller.controller
  artifactKey: Guid(adb39d8390b456a4aaf253a79ee19efa) Importer(815301076,1909f56bfc062723c751e8b465ee728b)
Start importing Assets/素材/New Animator Controller.controller using Guid(adb39d8390b456a4aaf253a79ee19efa) Importer(815301076,1909f56bfc062723c751e8b465ee728b)  -> (artifact id: 'bec85a7c9877b75141f5a4fa4ed457a9') in 0.014836 seconds
Number of updated asset objects reloaded before import = 0
Number of asset objects unloaded after import = 4
========================================================================
Received Import Request.
  Time since last request: 28.800965 seconds.
  path: Assets/素材/Protagonist Animation Controller.controller
  artifactKey: Guid(534f4ec2503c6314983ec5557eecd746) Importer(815301076,1909f56bfc062723c751e8b465ee728b)
Start importing Assets/素材/Protagonist Animation Controller.controller using Guid(534f4ec2503c6314983ec5557eecd746) Importer(815301076,1909f56bfc062723c751e8b465ee728b)  -> (artifact id: 'ff5ce93d398db0aaa47b9bb52d4b36fb') in 0.005895 seconds
Number of updated asset objects reloaded before import = 0
Number of asset objects unloaded after import = 19
========================================================================
Received Import Request.
  Time since last request: 23.017329 seconds.
  path: Assets/素材/Women Animation Controller.controller
  artifactKey: Guid(adb39d8390b456a4aaf253a79ee19efa) Importer(815301076,1909f56bfc062723c751e8b465ee728b)
Start importing Assets/素材/Women Animation Controller.controller using Guid(adb39d8390b456a4aaf253a79ee19efa) Importer(815301076,1909f56bfc062723c751e8b465ee728b)  -> (artifact id: '995203fcda73fda7397167c8e4131104') in 0.002503 seconds
Number of updated asset objects reloaded before import = 0
Number of asset objects unloaded after import = 4
========================================================================
Received Import Request.
  Time since last request: 2.615963 seconds.
  path: Assets/素材/younboy.anim
  artifactKey: Guid(98cb9135dbc2aea44a17286b898443c2) Importer(815301076,1909f56bfc062723c751e8b465ee728b)
Start importing Assets/素材/younboy.anim using Guid(98cb9135dbc2aea44a17286b898443c2) Importer(815301076,1909f56bfc062723c751e8b465ee728b)  -> (artifact id: 'd1ce7faa2616d0e0f84f5d18159642f3') in 0.010545 seconds
Number of updated asset objects reloaded before import = 0
Number of asset objects unloaded after import = 1
