Using pre-set license
Built from 'HEAD' branch; Version is '2022.1.20f1c1 (9358606d4cf7) revision 9656416'; Using compiler version '192829333'; Build Type 'Release'
OS: 'Windows 10  (10.0.19045) 64bit Core' Language: 'zh' Physical Memory: 16085 MB
BatchMode: 1, IsHumanControllingUs: 0, StartBugReporterOnCrash: 0, Is64bit: 1, IsPro: 1

COMMAND LINE ARGUMENTS:
C:\Program Files\Unity\Hub\Editor\2022.1.20f1c1\Editor\Unity.exe
-adb2
-batchMode
-noUpm
-name
AssetImportWorker1
-projectPath
C:/Users/Assas/Documents/GitHub/5110_Final_/5110_Final
-logFile
Logs/AssetImportWorker1.log
-srvPort
61488
Successfully changed project path to: C:/Users/Assas/Documents/GitHub/5110_Final_/5110_Final
C:/Users/Assas/Documents/GitHub/5110_Final_/5110_Final
[UnityMemory] Configuration Parameters - Can be set up in boot.config
    "memorysetup-bucket-allocator-granularity=16"
    "memorysetup-bucket-allocator-bucket-count=8"
    "memorysetup-bucket-allocator-block-size=33554432"
    "memorysetup-bucket-allocator-block-count=8"
    "memorysetup-main-allocator-block-size=16777216"
    "memorysetup-thread-allocator-block-size=16777216"
    "memorysetup-gfx-main-allocator-block-size=16777216"
    "memorysetup-gfx-thread-allocator-block-size=16777216"
    "memorysetup-cache-allocator-block-size=4194304"
    "memorysetup-typetree-allocator-block-size=2097152"
    "memorysetup-profiler-bucket-allocator-granularity=16"
    "memorysetup-profiler-bucket-allocator-bucket-count=8"
    "memorysetup-profiler-bucket-allocator-block-size=33554432"
    "memorysetup-profiler-bucket-allocator-block-count=8"
    "memorysetup-profiler-allocator-block-size=16777216"
    "memorysetup-profiler-editor-allocator-block-size=1048576"
    "memorysetup-temp-allocator-size-main=16777216"
    "memorysetup-job-temp-allocator-block-size=2097152"
    "memorysetup-job-temp-allocator-block-size-background=1048576"
    "memorysetup-job-temp-allocator-reduction-small-platforms=262144"
    "memorysetup-temp-allocator-size-background-worker=32768"
    "memorysetup-temp-allocator-size-job-worker=262144"
    "memorysetup-temp-allocator-size-preload-manager=33554432"
    "memorysetup-temp-allocator-size-nav-mesh-worker=65536"
    "memorysetup-temp-allocator-size-audio-worker=65536"
    "memorysetup-temp-allocator-size-cloud-worker=32768"
    "memorysetup-temp-allocator-size-gi-baking-worker=262144"
    "memorysetup-temp-allocator-size-gfx=262144"
Refreshing native plugins compatible for Editor in 130.61 ms, found 3 plugins.
Preloading 0 native plugins for Editor in 0.00 ms.
Initialize engine version: 2022.1.20f1c1 (9358606d4cf7)
[Subsystems] Discovering subsystems at path C:/Program Files/Unity/Hub/Editor/2022.1.20f1c1/Editor/Data/Resources/UnitySubsystems
[Subsystems] Discovering subsystems at path C:/Users/Assas/Documents/GitHub/5110_Final_/5110_Final/Assets
GfxDevice: creating device client; threaded=0; jobified=0
Direct3D:
    Version:  Direct3D 11.0 [level 11.1]
    Renderer: NVIDIA GeForce RTX 3070 Laptop GPU (ID=0x249d)
    Vendor:   NVIDIA
    VRAM:     8033 MB
    Driver:   31.0.15.4601
Initialize mono
Mono path[0] = 'C:/Program Files/Unity/Hub/Editor/2022.1.20f1c1/Editor/Data/Managed'
Mono path[1] = 'C:/Program Files/Unity/Hub/Editor/2022.1.20f1c1/Editor/Data/MonoBleedingEdge/lib/mono/unityjit-win32'
Mono config path = 'C:/Program Files/Unity/Hub/Editor/2022.1.20f1c1/Editor/Data/MonoBleedingEdge/etc'
Using monoOptions --debugger-agent=transport=dt_socket,embedding=1,server=y,suspend=n,address=127.0.0.1:56752
Begin MonoManager ReloadAssembly
Registering precompiled unity dll's ...
Register platform support module: C:/Program Files/Unity/Hub/Editor/2022.1.20f1c1/Editor/Data/PlaybackEngines/WindowsStandaloneSupport/UnityEditor.WindowsStandalone.Extensions.dll
Registered in 0.054238 seconds.
Native extension for WindowsStandalone target not found
Refreshing native plugins compatible for Editor in 126.35 ms, found 3 plugins.
Preloading 0 native plugins for Editor in 0.00 ms.
Mono: successfully reloaded assembly
- Completed reload, in  1.405 seconds
Domain Reload Profiling:
	ReloadAssembly (1405ms)
		BeginReloadAssembly (217ms)
			ExecutionOrderSort (0ms)
			DisableScriptedObjects (0ms)
			BackupInstance (0ms)
			ReleaseScriptingObjects (0ms)
			CreateAndSetChildDomain (1ms)
		EndReloadAssembly (840ms)
			LoadAssemblies (201ms)
			RebuildTransferFunctionScriptingTraits (0ms)
			SetupTypeCache (202ms)
				TypeCache.Initialize (201ms)
					TypeCache.ScanAssembly (200ms)
				ResolveRequiredComponents (1ms)
			ReleaseScriptCaches (0ms)
			RebuildScriptCaches (47ms)
			SetupLoadedEditorAssemblies (442ms)
				LogAssemblyErrors (0ms)
				InitializePlatformSupportModulesInManaged (21ms)
				SetLoadedEditorAssemblies (13ms)
				RefreshPlugins (126ms)
				BeforeProcessingInitializeOnLoad (3ms)
				ProcessInitializeOnLoadAttributes (207ms)
				ProcessInitializeOnLoadMethodAttributes (72ms)
				AfterProcessingInitializeOnLoad (0ms)
				EditorAssembliesLoaded (0ms)
			ExecutionOrderSort2 (0ms)
			AwakeInstancesAfterBackupRestoration (0ms)
Platform modules already initialized, skipping
Registering precompiled user dll's ...
Registered in 0.035220 seconds.
Begin MonoManager ReloadAssembly
Native extension for WindowsStandalone target not found
Refreshing native plugins compatible for Editor in 0.66 ms, found 3 plugins.
Preloading 0 native plugins for Editor in 0.00 ms.
Mono: successfully reloaded assembly
- Completed reload, in  2.448 seconds
Domain Reload Profiling:
	ReloadAssembly (2449ms)
		BeginReloadAssembly (304ms)
			ExecutionOrderSort (0ms)
			DisableScriptedObjects (7ms)
			BackupInstance (0ms)
			ReleaseScriptingObjects (0ms)
			CreateAndSetChildDomain (30ms)
		EndReloadAssembly (1855ms)
			LoadAssemblies (254ms)
			RebuildTransferFunctionScriptingTraits (0ms)
			SetupTypeCache (421ms)
				TypeCache.Initialize (416ms)
					TypeCache.ScanAssembly (410ms)
				ResolveRequiredComponents (5ms)
			ReleaseScriptCaches (1ms)
			RebuildScriptCaches (73ms)
			SetupLoadedEditorAssemblies (1034ms)
				LogAssemblyErrors (0ms)
				InitializePlatformSupportModulesInManaged (22ms)
				SetLoadedEditorAssemblies (9ms)
				RefreshPlugins (1ms)
				BeforeProcessingInitializeOnLoad (237ms)
				ProcessInitializeOnLoadAttributes (661ms)
				ProcessInitializeOnLoadMethodAttributes (25ms)
				AfterProcessingInitializeOnLoad (79ms)
				EditorAssembliesLoaded (0ms)
			ExecutionOrderSort2 (0ms)
			AwakeInstancesAfterBackupRestoration (10ms)
Platform modules already initialized, skipping
========================================================================
Worker process is ready to serve import requests
Launched and connected shader compiler UnityShaderCompiler.exe after 0.08 seconds
Refreshing native plugins compatible for Editor in 0.59 ms, found 3 plugins.
Preloading 0 native plugins for Editor in 0.00 ms.
Unloading 3115 Unused Serialized files (Serialized files now loaded: 0)
Unloading 23 unused Assets / (58.9 KB). Loaded Objects now: 3579.
Memory consumption went from 483.9 MB to 483.8 MB.
Total: 5.596900 ms (FindLiveObjects: 0.367000 ms CreateObjectMapping: 0.303400 ms MarkObjects: 4.809900 ms  DeleteObjects: 0.114700 ms)

AssetImportParameters requested are different than current active one (requested -> active):
  custom:video-decoder-ogg-theora: a1e56fd34408186e4bbccfd4996cb3dc -> 
  custom:container-muxer-webm: aa71ff27fc2769a1b78a27578f13a17b -> 
  custom:container-demuxer-webm: 4f35f7cbe854078d1ac9338744f61a02 -> 
  custom:video-encoder-webm-vp8: eb34c28f22e8b96e1ab97ce403110664 -> 
  custom:audio-encoder-webm-vorbis: bf7c407c2cedff20999df2af8eb42d56 -> 
  custom:framework-win-MediaFoundation: 216162199b28c13a410421893ffa2e32 -> 
  custom:container-demuxer-ogg: 62fdf1f143b41e24485cea50d1cbac27 -> 
  custom:video-decoder-webm-vp8: 9c59270c3fd7afecdb556c50c9e8de78 -> 
  custom:audio-decoder-ogg-vorbis: bf7c407c2cedff20999df2af8eb42d56 -> 
========================================================================
Received Import Request.
  Time since last request: 795885.006729 seconds.
  path: Assets/素材/青年女2/青年女_right0000-1.png
  artifactKey: Guid(f607dcac074046347a9f5c9cc9f823f6) Importer(815301076,1909f56bfc062723c751e8b465ee728b)
Start importing Assets/素材/青年女2/青年女_right0000-1.png using Guid(f607dcac074046347a9f5c9cc9f823f6) Importer(815301076,1909f56bfc062723c751e8b465ee728b)  -> (artifact id: '2017bdafeb708c7478d3aa87080421b2') in 0.214254 seconds 
========================================================================
Received Import Request.
  Time since last request: 0.000031 seconds.
  path: Assets/素材/老人_right0003.png
  artifactKey: Guid(6b5db45dd4fcdcd4cb5798d6fe7b5264) Importer(815301076,1909f56bfc062723c751e8b465ee728b)
Start importing Assets/素材/老人_right0003.png using Guid(6b5db45dd4fcdcd4cb5798d6fe7b5264) Importer(815301076,1909f56bfc062723c751e8b465ee728b)  -> (artifact id: 'c79a8169e9a8ce579cfbf144d5d01a45') in 0.038314 seconds 
========================================================================
Received Import Request.
  Time since last request: 0.000048 seconds.
  path: Assets/Scenes/tombstone.png
  artifactKey: Guid(8ed17b726c10d37439461d107ea3775f) Importer(815301076,1909f56bfc062723c751e8b465ee728b)
Start importing Assets/Scenes/tombstone.png using Guid(8ed17b726c10d37439461d107ea3775f) Importer(815301076,1909f56bfc062723c751e8b465ee728b)  -> (artifact id: 'fb539fb45ffefcc9659019a8be5105ae') in 0.035398 seconds 
========================================================================
Received Import Request.
  Time since last request: 0.000025 seconds.
  path: Assets/素材/小孩_right0002.png
  artifactKey: Guid(94a26c3ebfb84f64683612201b10d067) Importer(815301076,1909f56bfc062723c751e8b465ee728b)
Start importing Assets/素材/小孩_right0002.png using Guid(94a26c3ebfb84f64683612201b10d067) Importer(815301076,1909f56bfc062723c751e8b465ee728b)  -> (artifact id: '674c9ce74605fe194dab564a10ad0fab') in 0.042597 seconds 
========================================================================
Received Import Request.
  Time since last request: 0.000033 seconds.
  path: Assets/素材/青年女2/青年女_right0000-3.png
  artifactKey: Guid(adead9cc32c345248beb59773686af2d) Importer(815301076,1909f56bfc062723c751e8b465ee728b)
Start importing Assets/素材/青年女2/青年女_right0000-3.png using Guid(adead9cc32c345248beb59773686af2d) Importer(815301076,1909f56bfc062723c751e8b465ee728b)  -> (artifact id: '93b1a1215781945b8f3b9e0504f28e96') in 0.038671 seconds 
========================================================================
Received Import Request.
  Time since last request: 0.000037 seconds.
  path: Assets/素材/老人伴侣_right0000.png
  artifactKey: Guid(6c7a2b908af474f41a5a209fdfb80680) Importer(815301076,1909f56bfc062723c751e8b465ee728b)
Start importing Assets/素材/老人伴侣_right0000.png using Guid(6c7a2b908af474f41a5a209fdfb80680) Importer(815301076,1909f56bfc062723c751e8b465ee728b)  -> (artifact id: '119a1c3edc3b63de461c24dbeea47299') in 0.041519 seconds 
========================================================================
Received Import Request.
  Time since last request: 0.000035 seconds.
  path: Assets/素材/少年_right0003.png
  artifactKey: Guid(f28adea4874058b46944745c8d6944dd) Importer(815301076,1909f56bfc062723c751e8b465ee728b)
Start importing Assets/素材/少年_right0003.png using Guid(f28adea4874058b46944745c8d6944dd) Importer(815301076,1909f56bfc062723c751e8b465ee728b)  -> (artifact id: '9bf1644bad023443f05bac5927091d17') in 0.049449 seconds 
========================================================================
Received Import Request.
  Time since last request: 0.000041 seconds.
  path: Assets/素材/小孩_right0000.png
  artifactKey: Guid(d0e51cbea8907f44f97cf5c0079cbe86) Importer(815301076,1909f56bfc062723c751e8b465ee728b)
Start importing Assets/素材/小孩_right0000.png using Guid(d0e51cbea8907f44f97cf5c0079cbe86) Importer(815301076,1909f56bfc062723c751e8b465ee728b)  -> (artifact id: '7378371232bfa696b8a3a26bae5f734b') in 0.050243 seconds 
========================================================================
Received Import Request.
  Time since last request: 0.000050 seconds.
  path: Assets/素材/Women Animation Controller.controller
  artifactKey: Guid(adb39d8390b456a4aaf253a79ee19efa) Importer(815301076,1909f56bfc062723c751e8b465ee728b)
Start importing Assets/素材/Women Animation Controller.controller using Guid(adb39d8390b456a4aaf253a79ee19efa) Importer(815301076,1909f56bfc062723c751e8b465ee728b)  -> (artifact id: '497c3ee606d5605e738573a61d077f35') in 0.034454 seconds 
========================================================================
Received Import Request.
  Time since last request: 0.000038 seconds.
  path: Assets/素材/小孩_right0003.png
  artifactKey: Guid(15ccec43de5f6c2408d0d5c81e7d6278) Importer(815301076,1909f56bfc062723c751e8b465ee728b)
Start importing Assets/素材/小孩_right0003.png using Guid(15ccec43de5f6c2408d0d5c81e7d6278) Importer(815301076,1909f56bfc062723c751e8b465ee728b)  -> (artifact id: '1c45e6c484d45f775991ac2f3f55e8a3') in 0.047542 seconds 
========================================================================
Received Import Request.
  Time since last request: 0.000034 seconds.
  path: Assets/素材/老人_right0005.png
  artifactKey: Guid(0dd34ba446f97d74a8dba0bbb431f3bc) Importer(815301076,1909f56bfc062723c751e8b465ee728b)
Start importing Assets/素材/老人_right0005.png using Guid(0dd34ba446f97d74a8dba0bbb431f3bc) Importer(815301076,1909f56bfc062723c751e8b465ee728b)  -> (artifact id: 'ad2df19f314872c9056f708741729a90') in 0.043497 seconds 
========================================================================
Received Import Request.
  Time since last request: 0.000030 seconds.
  path: Assets/素材/老人_right0001.png
  artifactKey: Guid(cf5bc3d1457cc664d88322fc3ae386af) Importer(815301076,1909f56bfc062723c751e8b465ee728b)
Start importing Assets/素材/老人_right0001.png using Guid(cf5bc3d1457cc664d88322fc3ae386af) Importer(815301076,1909f56bfc062723c751e8b465ee728b)  -> (artifact id: '56f152acdf071e16ebbb94aba1cd9599') in 0.039757 seconds 
========================================================================
Received Import Request.
  Time since last request: 0.000029 seconds.
  path: Assets/素材/少年_right0005.png
  artifactKey: Guid(49a9bd85dd5257842a5bf47b1a8921a9) Importer(815301076,1909f56bfc062723c751e8b465ee728b)
Start importing Assets/素材/少年_right0005.png using Guid(49a9bd85dd5257842a5bf47b1a8921a9) Importer(815301076,1909f56bfc062723c751e8b465ee728b)  -> (artifact id: '45f8a7bc82305770853dd808ce2c44dd') in 0.046182 seconds 
========================================================================
Received Import Request.
  Time since last request: 0.000039 seconds.
  path: Assets/素材/婴儿_right0002.png
  artifactKey: Guid(a1e345dd659d2f84badaf58b4a9fc6c5) Importer(815301076,1909f56bfc062723c751e8b465ee728b)
Start importing Assets/素材/婴儿_right0002.png using Guid(a1e345dd659d2f84badaf58b4a9fc6c5) Importer(815301076,1909f56bfc062723c751e8b465ee728b)  -> (artifact id: '7fecf2f5b0f2022f0d6f77a449fa7ced') in 0.052075 seconds 
========================================================================
Received Import Request.
  Time since last request: 0.000052 seconds.
  path: Assets/素材/老人_right0000.png
  artifactKey: Guid(5724f26e9778042468f6ee9277d538bb) Importer(815301076,1909f56bfc062723c751e8b465ee728b)
Start importing Assets/素材/老人_right0000.png using Guid(5724f26e9778042468f6ee9277d538bb) Importer(815301076,1909f56bfc062723c751e8b465ee728b)  -> (artifact id: '5979074d590b2e623fbd37cdf7e7edbb') in 0.042887 seconds 
========================================================================
Received Import Request.
  Time since last request: 0.000028 seconds.
  path: Assets/素材/少年_right0004.png
  artifactKey: Guid(6f28a8a16af11b145b37fdf2e9c4f385) Importer(815301076,1909f56bfc062723c751e8b465ee728b)
Start importing Assets/素材/少年_right0004.png using Guid(6f28a8a16af11b145b37fdf2e9c4f385) Importer(815301076,1909f56bfc062723c751e8b465ee728b)  -> (artifact id: '1399dd408ef930d4e2ac16bfbff1df7d') in 0.047690 seconds 
========================================================================
Received Import Request.
  Time since last request: 0.000029 seconds.
  path: Assets/素材/青年女2/青年女_right0000-6.png
  artifactKey: Guid(31eb87cc12982ce4cbf17433de5e5ff5) Importer(815301076,1909f56bfc062723c751e8b465ee728b)
Start importing Assets/素材/青年女2/青年女_right0000-6.png using Guid(31eb87cc12982ce4cbf17433de5e5ff5) Importer(815301076,1909f56bfc062723c751e8b465ee728b)  -> (artifact id: '2b464268dc587ac8b36c218128cdfc0e') in 0.044798 seconds 
========================================================================
Received Import Request.
  Time since last request: 0.000034 seconds.
  path: Assets/素材/青年女2/青年女_right0000-5.png
  artifactKey: Guid(15773687f66215c42b2ded3713dd915e) Importer(815301076,1909f56bfc062723c751e8b465ee728b)
Start importing Assets/素材/青年女2/青年女_right0000-5.png using Guid(15773687f66215c42b2ded3713dd915e) Importer(815301076,1909f56bfc062723c751e8b465ee728b)  -> (artifact id: '2df4f46336603eced22f800a311ddbcd') in 0.040074 seconds 
========================================================================
Received Import Request.
  Time since last request: 0.000041 seconds.
  path: Assets/素材/婴儿_right0001.png
  artifactKey: Guid(7835a9fb407d83548872c0dd77eeb0b7) Importer(815301076,1909f56bfc062723c751e8b465ee728b)
Start importing Assets/素材/婴儿_right0001.png using Guid(7835a9fb407d83548872c0dd77eeb0b7) Importer(815301076,1909f56bfc062723c751e8b465ee728b)  -> (artifact id: '5fe039d1cfa4aa19ec134810df006935') in 0.039259 seconds 
========================================================================
Received Import Request.
  Time since last request: 0.000038 seconds.
  path: Assets/素材/婴儿_right0003.png
  artifactKey: Guid(d3052625c9b722b44a9198fcbb816553) Importer(815301076,1909f56bfc062723c751e8b465ee728b)
Start importing Assets/素材/婴儿_right0003.png using Guid(d3052625c9b722b44a9198fcbb816553) Importer(815301076,1909f56bfc062723c751e8b465ee728b)  -> (artifact id: '6639da0b621a1007c3de629fe2b79b52') in 0.042946 seconds 
========================================================================
Received Import Request.
  Time since last request: 0.000043 seconds.
  path: Assets/素材/青年女2/teenWomen.anim
  artifactKey: Guid(d85854d8b336539448f2f1e2bfa9eadf) Importer(815301076,1909f56bfc062723c751e8b465ee728b)
Start importing Assets/素材/青年女2/teenWomen.anim using Guid(d85854d8b336539448f2f1e2bfa9eadf) Importer(815301076,1909f56bfc062723c751e8b465ee728b)  -> (artifact id: '8325c30155404662f821fdce490235d9') in 0.026173 seconds 
========================================================================
Received Import Request.
  Time since last request: 0.000033 seconds.
  path: Assets/素材/老人伴侣_right0002.png
  artifactKey: Guid(b03866b5f5c023947b3620b837ae6308) Importer(815301076,1909f56bfc062723c751e8b465ee728b)
Start importing Assets/素材/老人伴侣_right0002.png using Guid(b03866b5f5c023947b3620b837ae6308) Importer(815301076,1909f56bfc062723c751e8b465ee728b)  -> (artifact id: '041ce0c25f93179e539f796a99dd943b') in 0.040596 seconds 
Editor requested this worker to shutdown with reason: Scaling down because of idle timeout
AssetImportWorker is now disconnected from the server
Process exiting
Exiting without the bug reporter. Application will terminate with return code 0