Using pre-set license
Built from 'HEAD' branch; Version is '2022.1.20f1c1 (9358606d4cf7) revision 9656416'; Using compiler version '192829333'; Build Type 'Release'
OS: 'Windows 10  (10.0.19045) 64bit Core' Language: 'zh' Physical Memory: 16085 MB
BatchMode: 1, IsHumanControllingUs: 0, StartBugReporterOnCrash: 0, Is64bit: 1, IsPro: 1

COMMAND LINE ARGUMENTS:
C:\Program Files\Unity\Hub\Editor\2022.1.20f1c1\Editor\Unity.exe
-adb2
-batchMode
-noUpm
-name
AssetImportWorker0
-projectPath
C:/Users/Assas/Documents/GitHub/5110_Final_/5110_Final
-logFile
Logs/AssetImportWorker0.log
-srvPort
50882
Successfully changed project path to: C:/Users/Assas/Documents/GitHub/5110_Final_/5110_Final
C:/Users/Assas/Documents/GitHub/5110_Final_/5110_Final
[UnityMemory] Configuration Parameters - Can be set up in boot.config
    "memorysetup-bucket-allocator-granularity=16"
    "memorysetup-bucket-allocator-bucket-count=8"
    "memorysetup-bucket-allocator-block-size=33554432"
    "memorysetup-bucket-allocator-block-count=8"
    "memorysetup-main-allocator-block-size=16777216"
    "memorysetup-thread-allocator-block-size=16777216"
    "memorysetup-gfx-main-allocator-block-size=16777216"
    "memorysetup-gfx-thread-allocator-block-size=16777216"
    "memorysetup-cache-allocator-block-size=4194304"
    "memorysetup-typetree-allocator-block-size=2097152"
    "memorysetup-profiler-bucket-allocator-granularity=16"
    "memorysetup-profiler-bucket-allocator-bucket-count=8"
    "memorysetup-profiler-bucket-allocator-block-size=33554432"
    "memorysetup-profiler-bucket-allocator-block-count=8"
    "memorysetup-profiler-allocator-block-size=16777216"
    "memorysetup-profiler-editor-allocator-block-size=1048576"
    "memorysetup-temp-allocator-size-main=16777216"
    "memorysetup-job-temp-allocator-block-size=2097152"
    "memorysetup-job-temp-allocator-block-size-background=1048576"
    "memorysetup-job-temp-allocator-reduction-small-platforms=262144"
    "memorysetup-temp-allocator-size-background-worker=32768"
    "memorysetup-temp-allocator-size-job-worker=262144"
    "memorysetup-temp-allocator-size-preload-manager=33554432"
    "memorysetup-temp-allocator-size-nav-mesh-worker=65536"
    "memorysetup-temp-allocator-size-audio-worker=65536"
    "memorysetup-temp-allocator-size-cloud-worker=32768"
    "memorysetup-temp-allocator-size-gi-baking-worker=262144"
    "memorysetup-temp-allocator-size-gfx=262144"
Refreshing native plugins compatible for Editor in 73.43 ms, found 3 plugins.
Preloading 0 native plugins for Editor in 0.00 ms.
Initialize engine version: 2022.1.20f1c1 (9358606d4cf7)
[Subsystems] Discovering subsystems at path C:/Program Files/Unity/Hub/Editor/2022.1.20f1c1/Editor/Data/Resources/UnitySubsystems
[Subsystems] Discovering subsystems at path C:/Users/Assas/Documents/GitHub/5110_Final_/5110_Final/Assets
GfxDevice: creating device client; threaded=0; jobified=0
Direct3D:
    Version:  Direct3D 11.0 [level 11.1]
    Renderer: NVIDIA GeForce RTX 3070 Laptop GPU (ID=0x249d)
    Vendor:   NVIDIA
    VRAM:     8033 MB
    Driver:   31.0.15.4601
Initialize mono
Mono path[0] = 'C:/Program Files/Unity/Hub/Editor/2022.1.20f1c1/Editor/Data/Managed'
Mono path[1] = 'C:/Program Files/Unity/Hub/Editor/2022.1.20f1c1/Editor/Data/MonoBleedingEdge/lib/mono/unityjit-win32'
Mono config path = 'C:/Program Files/Unity/Hub/Editor/2022.1.20f1c1/Editor/Data/MonoBleedingEdge/etc'
Using monoOptions --debugger-agent=transport=dt_socket,embedding=1,server=y,suspend=n,address=127.0.0.1:56620
Begin MonoManager ReloadAssembly
Registering precompiled unity dll's ...
Register platform support module: C:/Program Files/Unity/Hub/Editor/2022.1.20f1c1/Editor/Data/PlaybackEngines/WindowsStandaloneSupport/UnityEditor.WindowsStandalone.Extensions.dll
Registered in 0.032526 seconds.
Native extension for WindowsStandalone target not found
Refreshing native plugins compatible for Editor in 72.74 ms, found 3 plugins.
Preloading 0 native plugins for Editor in 0.00 ms.
Mono: successfully reloaded assembly
- Completed reload, in  0.753 seconds
Domain Reload Profiling:
	ReloadAssembly (754ms)
		BeginReloadAssembly (120ms)
			ExecutionOrderSort (0ms)
			DisableScriptedObjects (0ms)
			BackupInstance (0ms)
			ReleaseScriptingObjects (0ms)
			CreateAndSetChildDomain (1ms)
		EndReloadAssembly (444ms)
			LoadAssemblies (109ms)
			RebuildTransferFunctionScriptingTraits (0ms)
			SetupTypeCache (106ms)
				TypeCache.Initialize (105ms)
					TypeCache.ScanAssembly (104ms)
				ResolveRequiredComponents (1ms)
			ReleaseScriptCaches (0ms)
			RebuildScriptCaches (22ms)
			SetupLoadedEditorAssemblies (248ms)
				LogAssemblyErrors (0ms)
				InitializePlatformSupportModulesInManaged (12ms)
				SetLoadedEditorAssemblies (8ms)
				RefreshPlugins (73ms)
				BeforeProcessingInitializeOnLoad (1ms)
				ProcessInitializeOnLoadAttributes (120ms)
				ProcessInitializeOnLoadMethodAttributes (35ms)
				AfterProcessingInitializeOnLoad (0ms)
				EditorAssembliesLoaded (0ms)
			ExecutionOrderSort2 (0ms)
			AwakeInstancesAfterBackupRestoration (0ms)
Platform modules already initialized, skipping
Registering precompiled user dll's ...
Registered in 0.016343 seconds.
Begin MonoManager ReloadAssembly
Native extension for WindowsStandalone target not found
Refreshing native plugins compatible for Editor in 0.50 ms, found 3 plugins.
Preloading 0 native plugins for Editor in 0.00 ms.
Mono: successfully reloaded assembly
- Completed reload, in  1.361 seconds
Domain Reload Profiling:
	ReloadAssembly (1362ms)
		BeginReloadAssembly (168ms)
			ExecutionOrderSort (0ms)
			DisableScriptedObjects (5ms)
			BackupInstance (0ms)
			ReleaseScriptingObjects (0ms)
			CreateAndSetChildDomain (19ms)
		EndReloadAssembly (1054ms)
			LoadAssemblies (134ms)
			RebuildTransferFunctionScriptingTraits (0ms)
			SetupTypeCache (240ms)
				TypeCache.Initialize (237ms)
					TypeCache.ScanAssembly (233ms)
				ResolveRequiredComponents (3ms)
			ReleaseScriptCaches (1ms)
			RebuildScriptCaches (40ms)
			SetupLoadedEditorAssemblies (622ms)
				LogAssemblyErrors (0ms)
				InitializePlatformSupportModulesInManaged (10ms)
				SetLoadedEditorAssemblies (6ms)
				RefreshPlugins (1ms)
				BeforeProcessingInitializeOnLoad (119ms)
				ProcessInitializeOnLoadAttributes (433ms)
				ProcessInitializeOnLoadMethodAttributes (17ms)
				AfterProcessingInitializeOnLoad (36ms)
				EditorAssembliesLoaded (0ms)
			ExecutionOrderSort2 (0ms)
			AwakeInstancesAfterBackupRestoration (7ms)
Platform modules already initialized, skipping
========================================================================
Worker process is ready to serve import requests
Launched and connected shader compiler UnityShaderCompiler.exe after 0.04 seconds
Refreshing native plugins compatible for Editor in 0.45 ms, found 3 plugins.
Preloading 0 native plugins for Editor in 0.00 ms.
Unloading 3115 Unused Serialized files (Serialized files now loaded: 0)
Unloading 23 unused Assets / (58.9 KB). Loaded Objects now: 3579.
Memory consumption went from 483.9 MB to 483.8 MB.
Total: 3.101600 ms (FindLiveObjects: 0.212700 ms CreateObjectMapping: 0.067200 ms MarkObjects: 2.737900 ms  DeleteObjects: 0.082600 ms)

AssetImportParameters requested are different than current active one (requested -> active):
  custom:video-decoder-ogg-theora: a1e56fd34408186e4bbccfd4996cb3dc -> 
  custom:container-muxer-webm: aa71ff27fc2769a1b78a27578f13a17b -> 
  custom:container-demuxer-webm: 4f35f7cbe854078d1ac9338744f61a02 -> 
  custom:video-encoder-webm-vp8: eb34c28f22e8b96e1ab97ce403110664 -> 
  custom:audio-encoder-webm-vorbis: bf7c407c2cedff20999df2af8eb42d56 -> 
  custom:framework-win-MediaFoundation: 216162199b28c13a410421893ffa2e32 -> 
  custom:container-demuxer-ogg: 62fdf1f143b41e24485cea50d1cbac27 -> 
  custom:video-decoder-webm-vp8: 9c59270c3fd7afecdb556c50c9e8de78 -> 
  custom:audio-decoder-ogg-vorbis: bf7c407c2cedff20999df2af8eb42d56 -> 
========================================================================
Received Import Request.
  Time since last request: 3158.602237 seconds.
  path: Assets/TextMesh Pro/Examples & Extras/Scripts
  artifactKey: Guid(0ebcd8e3288f71a47bf237cdc4706e8d) Importer(815301076,1909f56bfc062723c751e8b465ee728b)
Start importing Assets/TextMesh Pro/Examples & Extras/Scripts using Guid(0ebcd8e3288f71a47bf237cdc4706e8d) Importer(815301076,1909f56bfc062723c751e8b465ee728b)  -> (artifact id: 'd8b7720252c1b9c3ad8e07c8350623fe') in 0.007701 seconds 
========================================================================
Received Import Request.
  Time since last request: 0.007051 seconds.
  path: Assets/素材/man.anim
  artifactKey: Guid(95461d46d658a3344b8427a0d3b482e9) Importer(815301076,1909f56bfc062723c751e8b465ee728b)
Start importing Assets/素材/man.anim using Guid(95461d46d658a3344b8427a0d3b482e9) Importer(815301076,1909f56bfc062723c751e8b465ee728b)  -> (artifact id: '7206cb8b7b0457c8676fcdff2abf3941') in 0.041854 seconds 
========================================================================
Received Import Request.
  Time since last request: 0.006525 seconds.
  path: Assets/TextMesh Pro/Resources/Fonts & Materials/LiberationSans SDF - Drop Shadow.mat
  artifactKey: Guid(e73a58f6e2794ae7b1b7e50b7fb811b0) Importer(815301076,1909f56bfc062723c751e8b465ee728b)
Start importing Assets/TextMesh Pro/Resources/Fonts & Materials/LiberationSans SDF - Drop Shadow.mat using Guid(e73a58f6e2794ae7b1b7e50b7fb811b0) Importer(815301076,1909f56bfc062723c751e8b465ee728b)  -> (artifact id: 'e176c1029bc949848b4fda155191b6dd') in 0.176932 seconds 
========================================================================
Received Import Request.
  Time since last request: 0.009801 seconds.
  path: Assets/TypewriterEffect.cs
  artifactKey: Guid(0efb08db0af91b443b3cb4fb6405e38c) Importer(815301076,1909f56bfc062723c751e8b465ee728b)
Start importing Assets/TypewriterEffect.cs using Guid(0efb08db0af91b443b3cb4fb6405e38c) Importer(815301076,1909f56bfc062723c751e8b465ee728b)  -> (artifact id: '6ce87b3e87cea4b985a695a9dad714b6') in 0.010491 seconds 
========================================================================
Received Import Request.
  Time since last request: 0.022377 seconds.
  path: Assets/TextMesh Pro/Shaders/TMPro_Surface.cginc
  artifactKey: Guid(d930090c0cd643c7b55f19a38538c162) Importer(815301076,1909f56bfc062723c751e8b465ee728b)
Start importing Assets/TextMesh Pro/Shaders/TMPro_Surface.cginc using Guid(d930090c0cd643c7b55f19a38538c162) Importer(815301076,1909f56bfc062723c751e8b465ee728b)  -> (artifact id: 'f4a20725ced06d8b9409eaf93d954716') in 0.008098 seconds 
========================================================================
Received Import Request.
  Time since last request: 0.012261 seconds.
  path: Assets/TextMesh Pro/Shaders/TMP_SDF SSD.shader
  artifactKey: Guid(14eb328de4b8eb245bb7cea29e4ac00b) Importer(815301076,1909f56bfc062723c751e8b465ee728b)
Start importing Assets/TextMesh Pro/Shaders/TMP_SDF SSD.shader using Guid(14eb328de4b8eb245bb7cea29e4ac00b) Importer(815301076,1909f56bfc062723c751e8b465ee728b)  -> (artifact id: '85b47590dcc34be3d42b775d9c8edca1') in 0.008219 seconds 
========================================================================
Received Import Request.
  Time since last request: 0.010952 seconds.
  path: Assets/TextMesh Pro/Shaders/TMP_SDF.shader
  artifactKey: Guid(68e6db2ebdc24f95958faec2be5558d6) Importer(815301076,1909f56bfc062723c751e8b465ee728b)
Start importing Assets/TextMesh Pro/Shaders/TMP_SDF.shader using Guid(68e6db2ebdc24f95958faec2be5558d6) Importer(815301076,1909f56bfc062723c751e8b465ee728b)  -> (artifact id: '58e37681986b87acd098a86e9c3ab5c9') in 0.007437 seconds 
========================================================================
Received Import Request.
  Time since last request: 0.046213 seconds.
  path: Assets/TextMesh Pro/Fonts
  artifactKey: Guid(d06457346b2fdad4da9cbb13f8abb3dd) Importer(815301076,1909f56bfc062723c751e8b465ee728b)
Start importing Assets/TextMesh Pro/Fonts using Guid(d06457346b2fdad4da9cbb13f8abb3dd) Importer(815301076,1909f56bfc062723c751e8b465ee728b)  -> (artifact id: 'db0401c14f3a3853a4fcaecacef54bfd') in 0.006078 seconds 
========================================================================
Received Import Request.
  Time since last request: 0.011798 seconds.
  path: Assets/TextMesh Pro/Examples & Extras/Scripts/EnvMapAnimator.cs
  artifactKey: Guid(a4b6f99e8bc54541bbd149b014ff441c) Importer(815301076,1909f56bfc062723c751e8b465ee728b)
Start importing Assets/TextMesh Pro/Examples & Extras/Scripts/EnvMapAnimator.cs using Guid(a4b6f99e8bc54541bbd149b014ff441c) Importer(815301076,1909f56bfc062723c751e8b465ee728b)  -> (artifact id: 'ed233ae9ed7171caa277730eb9f3dd3f') in 0.007128 seconds 
========================================================================
Received Import Request.
  Time since last request: 0.012323 seconds.
  path: Assets/TextMesh Pro/Examples & Extras/Scripts/VertexShakeA.cs
  artifactKey: Guid(f7cfa58e417a46ea8889989684c2522e) Importer(815301076,1909f56bfc062723c751e8b465ee728b)
Start importing Assets/TextMesh Pro/Examples & Extras/Scripts/VertexShakeA.cs using Guid(f7cfa58e417a46ea8889989684c2522e) Importer(815301076,1909f56bfc062723c751e8b465ee728b)  -> (artifact id: '338d97e4c24bec20d64f2af4ddb6bfc4') in 0.005929 seconds 
========================================================================
Received Import Request.
  Time since last request: 0.012280 seconds.
  path: Assets/TextMesh Pro/Examples & Extras/Scripts/TMP_DigitValidator.cs
  artifactKey: Guid(1a7eb92a01ed499a987bde9def05fbce) Importer(815301076,1909f56bfc062723c751e8b465ee728b)
Start importing Assets/TextMesh Pro/Examples & Extras/Scripts/TMP_DigitValidator.cs using Guid(1a7eb92a01ed499a987bde9def05fbce) Importer(815301076,1909f56bfc062723c751e8b465ee728b)  -> (artifact id: 'e429fbd7158b204fae4459eebd10da48') in 0.006337 seconds 
========================================================================
Received Import Request.
  Time since last request: 0.011755 seconds.
  path: Assets/TextMesh Pro/Examples & Extras/Scripts/TMP_TextInfoDebugTool.cs
  artifactKey: Guid(21256c5b62f346f18640dad779911e20) Importer(815301076,1909f56bfc062723c751e8b465ee728b)
Start importing Assets/TextMesh Pro/Examples & Extras/Scripts/TMP_TextInfoDebugTool.cs using Guid(21256c5b62f346f18640dad779911e20) Importer(815301076,1909f56bfc062723c751e8b465ee728b)  -> (artifact id: '11c2d77d50c96e4dbefabf45894c2ca0') in 0.005878 seconds 
========================================================================
Received Import Request.
  Time since last request: 0.006631 seconds.
  path: Assets/素材/青年女_right0003.png
  artifactKey: Guid(28e1ab21397e49e42a4373163f1b1168) Importer(815301076,1909f56bfc062723c751e8b465ee728b)
Start importing Assets/素材/青年女_right0003.png using Guid(28e1ab21397e49e42a4373163f1b1168) Importer(815301076,1909f56bfc062723c751e8b465ee728b)  -> (artifact id: '3bc1c670fad70541fbec2a8fb1164a7d') in 0.031477 seconds 
========================================================================
Received Import Request.
  Time since last request: 0.012572 seconds.
  path: Assets/TextMesh Pro/Examples & Extras/Scripts/SkewTextExample.cs
  artifactKey: Guid(d412675cfb3441efa3bf8dcd9b7624dc) Importer(815301076,1909f56bfc062723c751e8b465ee728b)
Start importing Assets/TextMesh Pro/Examples & Extras/Scripts/SkewTextExample.cs using Guid(d412675cfb3441efa3bf8dcd9b7624dc) Importer(815301076,1909f56bfc062723c751e8b465ee728b)  -> (artifact id: 'ed1311d54755bac20356ab283273fa5e') in 0.006175 seconds 
========================================================================
Received Import Request.
  Time since last request: 0.011049 seconds.
  path: Assets/TextMesh Pro/Shaders/TMP_SDF-Mobile.shader
  artifactKey: Guid(fe393ace9b354375a9cb14cdbbc28be4) Importer(815301076,1909f56bfc062723c751e8b465ee728b)
Start importing Assets/TextMesh Pro/Shaders/TMP_SDF-Mobile.shader using Guid(fe393ace9b354375a9cb14cdbbc28be4) Importer(815301076,1909f56bfc062723c751e8b465ee728b)  -> (artifact id: '1c27820ce4676da96d4787de036b4bbf') in 0.006938 seconds 
========================================================================
Received Import Request.
  Time since last request: 0.047406 seconds.
  path: Assets/TextMesh Pro/Examples & Extras/Scripts/TeleType.cs
  artifactKey: Guid(e32c266ee6204b21a427753cb0694c81) Importer(815301076,1909f56bfc062723c751e8b465ee728b)
Start importing Assets/TextMesh Pro/Examples & Extras/Scripts/TeleType.cs using Guid(e32c266ee6204b21a427753cb0694c81) Importer(815301076,1909f56bfc062723c751e8b465ee728b)  -> (artifact id: 'cb31139632a27befc689350b4371979c') in 0.006133 seconds 
========================================================================
Received Import Request.
  Time since last request: 0.011452 seconds.
  path: Assets/TextMesh Pro/Examples & Extras/Scripts/TMP_ExampleScript_01.cs
  artifactKey: Guid(6f2c5b59b6874405865e2616e4ec276a) Importer(815301076,1909f56bfc062723c751e8b465ee728b)
Start importing Assets/TextMesh Pro/Examples & Extras/Scripts/TMP_ExampleScript_01.cs using Guid(6f2c5b59b6874405865e2616e4ec276a) Importer(815301076,1909f56bfc062723c751e8b465ee728b)  -> (artifact id: '28c24349fa0ac542fe51f97f54abd67d') in 0.006324 seconds 
========================================================================
Received Import Request.
  Time since last request: 0.017896 seconds.
  path: Assets/素材/青年_right0001.png
  artifactKey: Guid(a856baf727b653c4a999c305a728fcf0) Importer(815301076,1909f56bfc062723c751e8b465ee728b)
Start importing Assets/素材/青年_right0001.png using Guid(a856baf727b653c4a999c305a728fcf0) Importer(815301076,1909f56bfc062723c751e8b465ee728b)  -> (artifact id: '9876298f5e47e64e9e3ba920c30dcf00') in 0.014814 seconds 
========================================================================
Received Import Request.
  Time since last request: 0.034852 seconds.
  path: Assets/TextMesh Pro/Examples & Extras/Scripts/TMP_FrameRateCounter.cs
  artifactKey: Guid(686ec78b56aa445795335fbadafcfaa4) Importer(815301076,1909f56bfc062723c751e8b465ee728b)
Start importing Assets/TextMesh Pro/Examples & Extras/Scripts/TMP_FrameRateCounter.cs using Guid(686ec78b56aa445795335fbadafcfaa4) Importer(815301076,1909f56bfc062723c751e8b465ee728b)  -> (artifact id: 'ef9bd39d20a01a7de1b81c3f3afe292a') in 0.005881 seconds 
========================================================================
Received Import Request.
  Time since last request: 0.003832 seconds.
  path: Assets/TextMesh Pro
  artifactKey: Guid(d4ef92ec006065b45bc3244f6f656f5c) Importer(815301076,1909f56bfc062723c751e8b465ee728b)
Start importing Assets/TextMesh Pro using Guid(d4ef92ec006065b45bc3244f6f656f5c) Importer(815301076,1909f56bfc062723c751e8b465ee728b)  -> (artifact id: '2f85eec835b58de09a9761e2da4a224a') in 0.005518 seconds 
========================================================================
Received Import Request.
  Time since last request: 0.005323 seconds.
  path: Assets/Scenes/srart.unity
  artifactKey: Guid(7b1283a08690b1046ad7418a1d636954) Importer(815301076,1909f56bfc062723c751e8b465ee728b)
Start importing Assets/Scenes/srart.unity using Guid(7b1283a08690b1046ad7418a1d636954) Importer(815301076,1909f56bfc062723c751e8b465ee728b)  -> (artifact id: '305a9104942d388e1771407acf47706e') in 0.005969 seconds 
========================================================================
Received Import Request.
  Time since last request: 0.009597 seconds.
  path: Assets/TextMesh Pro/Shaders/TMP_Bitmap.shader
  artifactKey: Guid(128e987d567d4e2c824d754223b3f3b0) Importer(815301076,1909f56bfc062723c751e8b465ee728b)
Start importing Assets/TextMesh Pro/Shaders/TMP_Bitmap.shader using Guid(128e987d567d4e2c824d754223b3f3b0) Importer(815301076,1909f56bfc062723c751e8b465ee728b)  -> (artifact id: '0d0d1bbc28789fbcef684d984b292171') in 0.006762 seconds 
========================================================================
Received Import Request.
  Time since last request: 0.012023 seconds.
  path: Assets/TextMesh Pro/Examples & Extras/Scripts/ChatController.cs
  artifactKey: Guid(53d91f98a2664f5cb9af11de72ac54ec) Importer(815301076,1909f56bfc062723c751e8b465ee728b)
Start importing Assets/TextMesh Pro/Examples & Extras/Scripts/ChatController.cs using Guid(53d91f98a2664f5cb9af11de72ac54ec) Importer(815301076,1909f56bfc062723c751e8b465ee728b)  -> (artifact id: '8741dc0cd83a06da66ce74d666c5de72') in 0.006036 seconds 
========================================================================
Received Import Request.
  Time since last request: 0.011357 seconds.
  path: Assets/TextMesh Pro/Shaders/TMP_SDF-Mobile SSD.shader
  artifactKey: Guid(c8d12adcee749c344b8117cf7c7eb912) Importer(815301076,1909f56bfc062723c751e8b465ee728b)
Start importing Assets/TextMesh Pro/Shaders/TMP_SDF-Mobile SSD.shader using Guid(c8d12adcee749c344b8117cf7c7eb912) Importer(815301076,1909f56bfc062723c751e8b465ee728b)  -> (artifact id: '3e2fd5fcfd90b09dbd39ac6bd92e71a5') in 0.006721 seconds 
========================================================================
Received Import Request.
  Time since last request: 0.006544 seconds.
  path: Assets/素材/老人伴侣_right0004.png
  artifactKey: Guid(9f6f9f567b2f71b43add33066720f03b) Importer(815301076,1909f56bfc062723c751e8b465ee728b)
Start importing Assets/素材/老人伴侣_right0004.png using Guid(9f6f9f567b2f71b43add33066720f03b) Importer(815301076,1909f56bfc062723c751e8b465ee728b)  -> (artifact id: 'd867f8bd3c66d0d69acd3a3e80548a93') in 0.019030 seconds 
========================================================================
Received Import Request.
  Time since last request: 0.010317 seconds.
  path: Assets/TextMesh Pro/Examples & Extras/Prefabs/Text Popup.prefab
  artifactKey: Guid(b06f0e6c1dfa4356ac918da1bb32c603) Importer(815301076,1909f56bfc062723c751e8b465ee728b)
Start importing Assets/TextMesh Pro/Examples & Extras/Prefabs/Text Popup.prefab using Guid(b06f0e6c1dfa4356ac918da1bb32c603) Importer(815301076,1909f56bfc062723c751e8b465ee728b)  -> (artifact id: '97b8f4d31359d3201948363472005bc2') in 0.041468 seconds 
========================================================================
Received Import Request.
  Time since last request: 0.033505 seconds.
  path: Assets/素材/baby.anim
  artifactKey: Guid(bbf8025284ee4e840a255ae9db929602) Importer(815301076,1909f56bfc062723c751e8b465ee728b)
Start importing Assets/素材/baby.anim using Guid(bbf8025284ee4e840a255ae9db929602) Importer(815301076,1909f56bfc062723c751e8b465ee728b)  -> (artifact id: 'ced9541b03d9863ba7a547b939c9739c') in 0.010079 seconds 
========================================================================
Received Import Request.
  Time since last request: 0.023207 seconds.
  path: Assets/TextMesh Pro/Resources/LineBreaking Following Characters.txt
  artifactKey: Guid(fade42e8bc714b018fac513c043d323b) Importer(815301076,1909f56bfc062723c751e8b465ee728b)
Start importing Assets/TextMesh Pro/Resources/LineBreaking Following Characters.txt using Guid(fade42e8bc714b018fac513c043d323b) Importer(815301076,1909f56bfc062723c751e8b465ee728b)  -> (artifact id: 'f0174b8b708e4e229bb4b9d4cf7cd0e2') in 0.010183 seconds 
========================================================================
Received Import Request.
  Time since last request: 0.023561 seconds.
  path: Assets/TextMesh Pro/Examples & Extras/Scripts/TMP_UiFrameRateCounter.cs
  artifactKey: Guid(24b0dc2d1d494adbbec1f4db26b4cf83) Importer(815301076,1909f56bfc062723c751e8b465ee728b)
Start importing Assets/TextMesh Pro/Examples & Extras/Scripts/TMP_UiFrameRateCounter.cs using Guid(24b0dc2d1d494adbbec1f4db26b4cf83) Importer(815301076,1909f56bfc062723c751e8b465ee728b)  -> (artifact id: 'a553fd5729b5aa1204172aac85a5014c') in 0.006840 seconds 
========================================================================
Received Import Request.
  Time since last request: 0.005349 seconds.
  path: Assets/素材/haswifeoldman.anim
  artifactKey: Guid(4a69a7b03dd44084cb0b6cb76061178f) Importer(815301076,1909f56bfc062723c751e8b465ee728b)
Start importing Assets/素材/haswifeoldman.anim using Guid(4a69a7b03dd44084cb0b6cb76061178f) Importer(815301076,1909f56bfc062723c751e8b465ee728b)  -> (artifact id: '72f934a2e5f759b2f68ba247dba45cc9') in 0.007860 seconds 
========================================================================
Received Import Request.
  Time since last request: 0.027106 seconds.
  path: Assets/TextMesh Pro/Sprites/EmojiOne.json
  artifactKey: Guid(8f05276190cf498a8153f6cbe761d4e6) Importer(815301076,1909f56bfc062723c751e8b465ee728b)
Start importing Assets/TextMesh Pro/Sprites/EmojiOne.json using Guid(8f05276190cf498a8153f6cbe761d4e6) Importer(815301076,1909f56bfc062723c751e8b465ee728b)  -> (artifact id: '8b94a7ce06f251af0b83c6e7a0060d70') in 0.025172 seconds 
========================================================================
Received Import Request.
  Time since last request: 0.012897 seconds.
  path: Assets/TextMesh Pro/Examples & Extras/Scripts/TMP_TextSelector_A.cs
  artifactKey: Guid(103e0a6a1d404693b9fb1a5173e0e979) Importer(815301076,1909f56bfc062723c751e8b465ee728b)
Start importing Assets/TextMesh Pro/Examples & Extras/Scripts/TMP_TextSelector_A.cs using Guid(103e0a6a1d404693b9fb1a5173e0e979) Importer(815301076,1909f56bfc062723c751e8b465ee728b)  -> (artifact id: '5809984cf51f6730fed8c8f4eef805a0') in 0.005792 seconds 
========================================================================
Received Import Request.
  Time since last request: 0.004808 seconds.
  path: Assets/素材/younboy.anim
  artifactKey: Guid(98cb9135dbc2aea44a17286b898443c2) Importer(815301076,1909f56bfc062723c751e8b465ee728b)
Start importing Assets/素材/younboy.anim using Guid(98cb9135dbc2aea44a17286b898443c2) Importer(815301076,1909f56bfc062723c751e8b465ee728b)  -> (artifact id: '33e1ef406e4269c135999e2c1b850a5f') in 0.006507 seconds 
========================================================================
Received Import Request.
  Time since last request: 0.026259 seconds.
  path: Assets/TextMesh Pro/Examples & Extras/Scripts/WarpTextExample.cs
  artifactKey: Guid(790744c462254b7ba8038e6ed28b3db2) Importer(815301076,1909f56bfc062723c751e8b465ee728b)
Start importing Assets/TextMesh Pro/Examples & Extras/Scripts/WarpTextExample.cs using Guid(790744c462254b7ba8038e6ed28b3db2) Importer(815301076,1909f56bfc062723c751e8b465ee728b)  -> (artifact id: 'c766fcabe584af6650b814396387be51') in 0.006671 seconds 
========================================================================
Received Import Request.
  Time since last request: 0.007151 seconds.
  path: Assets/素材/青年_right0000.png
  artifactKey: Guid(988ad3afdc2daa846abd9ead501a265f) Importer(815301076,1909f56bfc062723c751e8b465ee728b)
Start importing Assets/素材/青年_right0000.png using Guid(988ad3afdc2daa846abd9ead501a265f) Importer(815301076,1909f56bfc062723c751e8b465ee728b)  -> (artifact id: 'a85be907cb3286d1c1347ace66580550') in 0.016318 seconds 
========================================================================
Received Import Request.
  Time since last request: 0.012186 seconds.
  path: Assets/TextMesh Pro/Examples & Extras/Scripts/TextConsoleSimulator.cs
  artifactKey: Guid(43bcd35a1c0c40ccb6d472893fe2093f) Importer(815301076,1909f56bfc062723c751e8b465ee728b)
Start importing Assets/TextMesh Pro/Examples & Extras/Scripts/TextConsoleSimulator.cs using Guid(43bcd35a1c0c40ccb6d472893fe2093f) Importer(815301076,1909f56bfc062723c751e8b465ee728b)  -> (artifact id: 'feaea83046840af7c77e88199efbba5b') in 0.005758 seconds 
========================================================================
Received Import Request.
  Time since last request: 0.073927 seconds.
  path: Assets/素材/青年女_right0005.png
  artifactKey: Guid(aa33119c151b6bb4f999ab2a962654c0) Importer(815301076,1909f56bfc062723c751e8b465ee728b)
Start importing Assets/素材/青年女_right0005.png using Guid(aa33119c151b6bb4f999ab2a962654c0) Importer(815301076,1909f56bfc062723c751e8b465ee728b)  -> (artifact id: 'dffd3df448099347f0594da3ddd5c2e6') in 0.015392 seconds 
========================================================================
Received Import Request.
  Time since last request: 0.013334 seconds.
  path: Assets/TextMesh Pro/Examples & Extras/Scripts/Benchmark03.cs
  artifactKey: Guid(a73109742c8d47ac822895a473300c29) Importer(815301076,1909f56bfc062723c751e8b465ee728b)
Start importing Assets/TextMesh Pro/Examples & Extras/Scripts/Benchmark03.cs using Guid(a73109742c8d47ac822895a473300c29) Importer(815301076,1909f56bfc062723c751e8b465ee728b)  -> (artifact id: 'f0a87f603bbd5e6ca999f6d926c93623') in 0.007002 seconds 
========================================================================
Received Import Request.
  Time since last request: 0.006274 seconds.
  path: Assets/素材/老人伴侣_right0003.png
  artifactKey: Guid(e8553e740caafab43ae6a3869c51b591) Importer(815301076,1909f56bfc062723c751e8b465ee728b)
Start importing Assets/素材/老人伴侣_right0003.png using Guid(e8553e740caafab43ae6a3869c51b591) Importer(815301076,1909f56bfc062723c751e8b465ee728b)  -> (artifact id: '2e962629a397e96a93d28cb59dbd93a6') in 0.014031 seconds 
========================================================================
Received Import Request.
  Time since last request: 0.006876 seconds.
  path: Assets/素材/青年_right0004.png
  artifactKey: Guid(cdd55d9d84713ed4795eaa5fd53421b1) Importer(815301076,1909f56bfc062723c751e8b465ee728b)
Start importing Assets/素材/青年_right0004.png using Guid(cdd55d9d84713ed4795eaa5fd53421b1) Importer(815301076,1909f56bfc062723c751e8b465ee728b)  -> (artifact id: 'e52e362fcff5e4b334c9e5fc9623c5ce') in 0.013961 seconds 
========================================================================
Received Import Request.
  Time since last request: 0.013317 seconds.
  path: Assets/TextMesh Pro/Examples & Extras/Scripts/VertexJitter.cs
  artifactKey: Guid(2ed57967c52645d390a89dcf8f61ba73) Importer(815301076,1909f56bfc062723c751e8b465ee728b)
Start importing Assets/TextMesh Pro/Examples & Extras/Scripts/VertexJitter.cs using Guid(2ed57967c52645d390a89dcf8f61ba73) Importer(815301076,1909f56bfc062723c751e8b465ee728b)  -> (artifact id: 'a0b571be6b37dcbf73a97675af8db801') in 0.006629 seconds 
========================================================================
Received Import Request.
  Time since last request: 0.008646 seconds.
  path: Assets/TextMesh Pro/Examples & Extras/Scripts/Benchmark04.cs
  artifactKey: Guid(dc20866c0d5e413ab7559440e15333ae) Importer(815301076,1909f56bfc062723c751e8b465ee728b)
Start importing Assets/TextMesh Pro/Examples & Extras/Scripts/Benchmark04.cs using Guid(dc20866c0d5e413ab7559440e15333ae) Importer(815301076,1909f56bfc062723c751e8b465ee728b)  -> (artifact id: '8549eb6262513847cbf22abe248b0ad3') in 0.005613 seconds 
========================================================================
Received Import Request.
  Time since last request: 0.009146 seconds.
  path: Assets/TextMesh Pro/Shaders/TMP_Bitmap-Custom-Atlas.shader
  artifactKey: Guid(48bb5f55d8670e349b6e614913f9d910) Importer(815301076,1909f56bfc062723c751e8b465ee728b)
Start importing Assets/TextMesh Pro/Shaders/TMP_Bitmap-Custom-Atlas.shader using Guid(48bb5f55d8670e349b6e614913f9d910) Importer(815301076,1909f56bfc062723c751e8b465ee728b)  -> (artifact id: 'c6b265a60823d0a9ce2b597349bca12b') in 0.005948 seconds 
========================================================================
Received Import Request.
  Time since last request: 0.009593 seconds.
  path: Assets/TextMesh Pro/Examples & Extras/Scripts/TextMeshProFloatingText.cs
  artifactKey: Guid(a4d4c76e63944cba8c7d00f56334b98c) Importer(815301076,1909f56bfc062723c751e8b465ee728b)
Start importing Assets/TextMesh Pro/Examples & Extras/Scripts/TextMeshProFloatingText.cs using Guid(a4d4c76e63944cba8c7d00f56334b98c) Importer(815301076,1909f56bfc062723c751e8b465ee728b)  -> (artifact id: '8e0ba759c98490b0db00f1af98093f5e') in 0.005488 seconds 
========================================================================
Received Import Request.
  Time since last request: 0.009380 seconds.
  path: Assets/TextMesh Pro/Shaders/TMP_SDF-Surface-Mobile.shader
  artifactKey: Guid(85187c2149c549c5b33f0cdb02836b17) Importer(815301076,1909f56bfc062723c751e8b465ee728b)
Start importing Assets/TextMesh Pro/Shaders/TMP_SDF-Surface-Mobile.shader using Guid(85187c2149c549c5b33f0cdb02836b17) Importer(815301076,1909f56bfc062723c751e8b465ee728b)  -> (artifact id: 'e3fa67a06ff2d2f7aed71c61ab78c70d') in 0.005662 seconds 
========================================================================
Received Import Request.
  Time since last request: 0.005169 seconds.
  path: Assets/TextMesh Pro/Shaders/TMPro_Properties.cginc
  artifactKey: Guid(3997e2241185407d80309a82f9148466) Importer(815301076,1909f56bfc062723c751e8b465ee728b)
Start importing Assets/TextMesh Pro/Shaders/TMPro_Properties.cginc using Guid(3997e2241185407d80309a82f9148466) Importer(815301076,1909f56bfc062723c751e8b465ee728b)  -> (artifact id: 'ce85f2036f9e1836808ab6027804406e') in 0.006183 seconds 
========================================================================
Received Import Request.
  Time since last request: 0.020623 seconds.
  path: Assets/TextMesh Pro/Examples & Extras/Scripts/TextMeshSpawner.cs
  artifactKey: Guid(76c11bbcfddf44e0ba17d6c2751c8d84) Importer(815301076,1909f56bfc062723c751e8b465ee728b)
Start importing Assets/TextMesh Pro/Examples & Extras/Scripts/TextMeshSpawner.cs using Guid(76c11bbcfddf44e0ba17d6c2751c8d84) Importer(815301076,1909f56bfc062723c751e8b465ee728b)  -> (artifact id: '5425a971f666952b36fe74005cd26572') in 0.006073 seconds 
========================================================================
Received Import Request.
  Time since last request: 0.010138 seconds.
  path: Assets/TextMesh Pro/Resources/Fonts & Materials/LiberationSans SDF.asset
  artifactKey: Guid(8f586378b4e144a9851e7b34d9b748ee) Importer(815301076,1909f56bfc062723c751e8b465ee728b)
Start importing Assets/TextMesh Pro/Resources/Fonts & Materials/LiberationSans SDF.asset using Guid(8f586378b4e144a9851e7b34d9b748ee) Importer(815301076,1909f56bfc062723c751e8b465ee728b)  -> (artifact id: '7da411651253ff19888b818eda35cbac') in 0.031385 seconds 
========================================================================
Received Import Request.
  Time since last request: 0.006399 seconds.
  path: Assets/TextMesh Pro/Resources/Style Sheets/Default Style Sheet.asset
  artifactKey: Guid(f952c082cb03451daed3ee968ac6c63e) Importer(815301076,1909f56bfc062723c751e8b465ee728b)
Start importing Assets/TextMesh Pro/Resources/Style Sheets/Default Style Sheet.asset using Guid(f952c082cb03451daed3ee968ac6c63e) Importer(815301076,1909f56bfc062723c751e8b465ee728b)  -> (artifact id: '574be91691ba343807b2fd1c973ba396') in 0.006741 seconds 
========================================================================
Received Import Request.
  Time since last request: 0.018820 seconds.
  path: Assets/TextMesh Pro/Examples & Extras/Scripts/ObjectSpin.cs
  artifactKey: Guid(4f19c7f94c794c5097d8bd11e39c750d) Importer(815301076,1909f56bfc062723c751e8b465ee728b)
Start importing Assets/TextMesh Pro/Examples & Extras/Scripts/ObjectSpin.cs using Guid(4f19c7f94c794c5097d8bd11e39c750d) Importer(815301076,1909f56bfc062723c751e8b465ee728b)  -> (artifact id: '6fc4a78157ecb0d6b3c82fbd7ea1139c') in 0.005360 seconds 
========================================================================
Received Import Request.
  Time since last request: 0.011842 seconds.
  path: Assets/TextMesh Pro/Examples & Extras/Scripts/VertexZoom.cs
  artifactKey: Guid(52ec835d14bd486f900952b77698b7eb) Importer(815301076,1909f56bfc062723c751e8b465ee728b)
Start importing Assets/TextMesh Pro/Examples & Extras/Scripts/VertexZoom.cs using Guid(52ec835d14bd486f900952b77698b7eb) Importer(815301076,1909f56bfc062723c751e8b465ee728b)  -> (artifact id: '8a5f387b989797bc4e040bc791911a83') in 0.005827 seconds 
========================================================================
Received Import Request.
  Time since last request: 0.011756 seconds.
  path: Assets/TextMesh Pro/Examples & Extras/Scripts/SimpleScript.cs
  artifactKey: Guid(9eff140b25d64601aabc6ba32245d099) Importer(815301076,1909f56bfc062723c751e8b465ee728b)
Start importing Assets/TextMesh Pro/Examples & Extras/Scripts/SimpleScript.cs using Guid(9eff140b25d64601aabc6ba32245d099) Importer(815301076,1909f56bfc062723c751e8b465ee728b)  -> (artifact id: '64b37fad9ba8d587aa49528d8f4d5363') in 0.005915 seconds 
========================================================================
Received Import Request.
  Time since last request: 0.006018 seconds.
  path: Assets/素材/青年女_right0002.png
  artifactKey: Guid(e4fe07a385aaaa64ab7bd5d393ed46c2) Importer(815301076,1909f56bfc062723c751e8b465ee728b)
Start importing Assets/素材/青年女_right0002.png using Guid(e4fe07a385aaaa64ab7bd5d393ed46c2) Importer(815301076,1909f56bfc062723c751e8b465ee728b)  -> (artifact id: '6add05007f05e425aa28cb2030e89ef5') in 0.013590 seconds 
========================================================================
Received Import Request.
  Time since last request: 0.018310 seconds.
  path: Assets/素材/women.anim
  artifactKey: Guid(d67a86349788e304e8c47b118f10e44b) Importer(815301076,1909f56bfc062723c751e8b465ee728b)
Start importing Assets/素材/women.anim using Guid(d67a86349788e304e8c47b118f10e44b) Importer(815301076,1909f56bfc062723c751e8b465ee728b)  -> (artifact id: 'a065b563c89be366fc293e931b35f1ca') in 0.007602 seconds 
========================================================================
Received Import Request.
  Time since last request: 0.004829 seconds.
  path: Assets/TextMesh Pro/Documentation
  artifactKey: Guid(8e7e8f5a82a3a134e91c54efd2274ea9) Importer(815301076,1909f56bfc062723c751e8b465ee728b)
Start importing Assets/TextMesh Pro/Documentation using Guid(8e7e8f5a82a3a134e91c54efd2274ea9) Importer(815301076,1909f56bfc062723c751e8b465ee728b)  -> (artifact id: '1d9068a5e0614ddc03abfe22f74201f4') in 0.005992 seconds 
========================================================================
Received Import Request.
  Time since last request: 0.008989 seconds.
  path: Assets/TextMesh Pro/Shaders/TMPro.cginc
  artifactKey: Guid(407bc68d299748449bbf7f48ee690f8d) Importer(815301076,1909f56bfc062723c751e8b465ee728b)
Start importing Assets/TextMesh Pro/Shaders/TMPro.cginc using Guid(407bc68d299748449bbf7f48ee690f8d) Importer(815301076,1909f56bfc062723c751e8b465ee728b)  -> (artifact id: 'f673a774810f40537f97822a82182e7d') in 0.006572 seconds 
========================================================================
Received Import Request.
  Time since last request: 0.009102 seconds.
  path: Assets/TextMesh Pro/Examples & Extras/Scripts/Benchmark01.cs
  artifactKey: Guid(f970ea55f9f84bf79b05dab180b8c125) Importer(815301076,1909f56bfc062723c751e8b465ee728b)
Start importing Assets/TextMesh Pro/Examples & Extras/Scripts/Benchmark01.cs using Guid(f970ea55f9f84bf79b05dab180b8c125) Importer(815301076,1909f56bfc062723c751e8b465ee728b)  -> (artifact id: '9e04b34fdf482a5faec9f4ddec6e5d77') in 0.005588 seconds 
========================================================================
Received Import Request.
  Time since last request: 0.003930 seconds.
  path: Assets/TextMesh Pro/Shaders
  artifactKey: Guid(13cd76593cb8ae749bfd826b590b691e) Importer(815301076,1909f56bfc062723c751e8b465ee728b)
Start importing Assets/TextMesh Pro/Shaders using Guid(13cd76593cb8ae749bfd826b590b691e) Importer(815301076,1909f56bfc062723c751e8b465ee728b)  -> (artifact id: 'cce4f7792d1a3fcb86868bf9282f6847') in 0.005598 seconds 
========================================================================
Received Import Request.
  Time since last request: 0.009255 seconds.
  path: Assets/TextMesh Pro/Examples & Extras/Scripts/DropdownSample.cs
  artifactKey: Guid(ac1eb05af6d391b4eb0f4c070a99f1d0) Importer(815301076,1909f56bfc062723c751e8b465ee728b)
Start importing Assets/TextMesh Pro/Examples & Extras/Scripts/DropdownSample.cs using Guid(ac1eb05af6d391b4eb0f4c070a99f1d0) Importer(815301076,1909f56bfc062723c751e8b465ee728b)  -> (artifact id: '4e24ffd87ce93c4c29140de42e6b5c9c') in 0.005450 seconds 
========================================================================
Received Import Request.
  Time since last request: 0.008151 seconds.
  path: Assets/shuxingkongzhi.cs
  artifactKey: Guid(db7287ef1585b2d45867a18e59b62bd4) Importer(815301076,1909f56bfc062723c751e8b465ee728b)
Start importing Assets/shuxingkongzhi.cs using Guid(db7287ef1585b2d45867a18e59b62bd4) Importer(815301076,1909f56bfc062723c751e8b465ee728b)  -> (artifact id: '2d3a9b1d78d3b87877af7f085469968c') in 0.005742 seconds 
========================================================================
Received Import Request.
  Time since last request: 0.003844 seconds.
  path: Assets/TextMesh Pro/Resources/Style Sheets
  artifactKey: Guid(4aecb92fff08436c8303b10eab8da368) Importer(815301076,1909f56bfc062723c751e8b465ee728b)
Start importing Assets/TextMesh Pro/Resources/Style Sheets using Guid(4aecb92fff08436c8303b10eab8da368) Importer(815301076,1909f56bfc062723c751e8b465ee728b)  -> (artifact id: '7f57f882bd05220d357598501920fb49') in 0.005251 seconds 
========================================================================
Received Import Request.
  Time since last request: 0.010560 seconds.
  path: Assets/TextMesh Pro/Examples & Extras/Scripts/VertexShakeB.cs
  artifactKey: Guid(e4e0d9ccee5f4950be8979268c9014e0) Importer(815301076,1909f56bfc062723c751e8b465ee728b)
Start importing Assets/TextMesh Pro/Examples & Extras/Scripts/VertexShakeB.cs using Guid(e4e0d9ccee5f4950be8979268c9014e0) Importer(815301076,1909f56bfc062723c751e8b465ee728b)  -> (artifact id: 'ac33840f014f136bd4934521f4a987df') in 0.005871 seconds 
========================================================================
Received Import Request.
  Time since last request: 0.015798 seconds.
  path: Assets/TextMesh Pro/Examples & Extras/Scripts/ShaderPropAnimator.cs
  artifactKey: Guid(2787a46a4dc848c1b4b7b9307b614bfd) Importer(815301076,1909f56bfc062723c751e8b465ee728b)
Start importing Assets/TextMesh Pro/Examples & Extras/Scripts/ShaderPropAnimator.cs using Guid(2787a46a4dc848c1b4b7b9307b614bfd) Importer(815301076,1909f56bfc062723c751e8b465ee728b)  -> (artifact id: 'f5d396e5dde3d71035bae1d51c7dfa1c') in 0.005751 seconds 
========================================================================
Received Import Request.
  Time since last request: 0.009104 seconds.
  path: Assets/TextMesh Pro/Fonts/LiberationSans - OFL.txt
  artifactKey: Guid(6e59c59b81ab47f9b6ec5781fa725d2c) Importer(815301076,1909f56bfc062723c751e8b465ee728b)
Start importing Assets/TextMesh Pro/Fonts/LiberationSans - OFL.txt using Guid(6e59c59b81ab47f9b6ec5781fa725d2c) Importer(815301076,1909f56bfc062723c751e8b465ee728b)  -> (artifact id: 'f1b0ba25be34e9a1170b730b515549fa') in 0.006153 seconds 
========================================================================
Received Import Request.
  Time since last request: 0.003978 seconds.
  path: Assets/TextMesh Pro/Resources/Fonts & Materials
  artifactKey: Guid(6f08ab431f212c049925c9ce94a6a000) Importer(815301076,1909f56bfc062723c751e8b465ee728b)
Start importing Assets/TextMesh Pro/Resources/Fonts & Materials using Guid(6f08ab431f212c049925c9ce94a6a000) Importer(815301076,1909f56bfc062723c751e8b465ee728b)  -> (artifact id: 'd922ac0b53d2a8707e7311bfdbdfbe87') in 0.005440 seconds 
========================================================================
Received Import Request.
  Time since last request: 0.006171 seconds.
  path: Assets/TextMesh Pro/Resources/Sprite Assets/EmojiOne.asset
  artifactKey: Guid(c41005c129ba4d66911b75229fd70b45) Importer(815301076,1909f56bfc062723c751e8b465ee728b)
Start importing Assets/TextMesh Pro/Resources/Sprite Assets/EmojiOne.asset using Guid(c41005c129ba4d66911b75229fd70b45) Importer(815301076,1909f56bfc062723c751e8b465ee728b)  -> (artifact id: '5a41a0ccd3a393f782797ba2b028e855') in 0.009678 seconds 
========================================================================
Received Import Request.
  Time since last request: 0.005098 seconds.
  path: Assets/素材/boy.anim
  artifactKey: Guid(1320454f074e5f4468da47dba8845664) Importer(815301076,1909f56bfc062723c751e8b465ee728b)
Start importing Assets/素材/boy.anim using Guid(1320454f074e5f4468da47dba8845664) Importer(815301076,1909f56bfc062723c751e8b465ee728b)  -> (artifact id: '4b3fc58df3b5858b459cac9ef7e75008') in 0.006527 seconds 
========================================================================
Received Import Request.
  Time since last request: 0.010879 seconds.
  path: Assets/TextMesh Pro/Shaders/TMP_SDF-Mobile Masking.shader
  artifactKey: Guid(bc1ede39bf3643ee8e493720e4259791) Importer(815301076,1909f56bfc062723c751e8b465ee728b)
Start importing Assets/TextMesh Pro/Shaders/TMP_SDF-Mobile Masking.shader using Guid(bc1ede39bf3643ee8e493720e4259791) Importer(815301076,1909f56bfc062723c751e8b465ee728b)  -> (artifact id: '1e2729c4da531db6c6d24ac1e7dbdf74') in 0.007091 seconds 
========================================================================
Received Import Request.
  Time since last request: 0.019403 seconds.
  path: Assets/TextMesh Pro/Shaders/TMP_Sprite.shader
  artifactKey: Guid(cf81c85f95fe47e1a27f6ae460cf182c) Importer(815301076,1909f56bfc062723c751e8b465ee728b)
Start importing Assets/TextMesh Pro/Shaders/TMP_Sprite.shader using Guid(cf81c85f95fe47e1a27f6ae460cf182c) Importer(815301076,1909f56bfc062723c751e8b465ee728b)  -> (artifact id: 'fe690a1975254e56b01a9fd6c3baefdd') in 0.005608 seconds 
========================================================================
Received Import Request.
  Time since last request: 0.003909 seconds.
  path: Assets/TextMesh Pro/Examples & Extras/Prefabs
  artifactKey: Guid(461202422d446474faf8aa86cf78436b) Importer(815301076,1909f56bfc062723c751e8b465ee728b)
Start importing Assets/TextMesh Pro/Examples & Extras/Prefabs using Guid(461202422d446474faf8aa86cf78436b) Importer(815301076,1909f56bfc062723c751e8b465ee728b)  -> (artifact id: '6d19e4562292aa347f032647469c736e') in 0.005526 seconds 
========================================================================
Received Import Request.
  Time since last request: 0.008929 seconds.
  path: Assets/TextMesh Pro/Examples & Extras/Scripts/CameraController.cs
  artifactKey: Guid(2d687537154440a3913a9a3c7977978c) Importer(815301076,1909f56bfc062723c751e8b465ee728b)
Start importing Assets/TextMesh Pro/Examples & Extras/Scripts/CameraController.cs using Guid(2d687537154440a3913a9a3c7977978c) Importer(815301076,1909f56bfc062723c751e8b465ee728b)  -> (artifact id: '05ee56093fbf3e8e317790abd3c17ac0') in 0.005649 seconds 
========================================================================
Received Import Request.
  Time since last request: 0.010668 seconds.
  path: Assets/TextMesh Pro/Shaders/TMPro_Mobile.cginc
  artifactKey: Guid(c334973cef89a9840b0b0c507e0377ab) Importer(815301076,1909f56bfc062723c751e8b465ee728b)
Start importing Assets/TextMesh Pro/Shaders/TMPro_Mobile.cginc using Guid(c334973cef89a9840b0b0c507e0377ab) Importer(815301076,1909f56bfc062723c751e8b465ee728b)  -> (artifact id: 'd580cdaf4f30e63ca5a129adb91e81d3') in 0.006285 seconds 
========================================================================
Received Import Request.
  Time since last request: 0.005595 seconds.
  path: Assets/TextMesh Pro/Resources/Fonts & Materials/LiberationSans SDF - Fallback.asset
  artifactKey: Guid(2e498d1c8094910479dc3e1b768306a4) Importer(815301076,1909f56bfc062723c751e8b465ee728b)
Start importing Assets/TextMesh Pro/Resources/Fonts & Materials/LiberationSans SDF - Fallback.asset using Guid(2e498d1c8094910479dc3e1b768306a4) Importer(815301076,1909f56bfc062723c751e8b465ee728b)  -> (artifact id: '9f03019ad70d528855e526d5a592db92') in 0.017479 seconds 
========================================================================
Received Import Request.
  Time since last request: 0.005551 seconds.
  path: Assets/素材/Women Animation Controller.controller
  artifactKey: Guid(adb39d8390b456a4aaf253a79ee19efa) Importer(815301076,1909f56bfc062723c751e8b465ee728b)
Start importing Assets/素材/Women Animation Controller.controller using Guid(adb39d8390b456a4aaf253a79ee19efa) Importer(815301076,1909f56bfc062723c751e8b465ee728b)  -> (artifact id: '50410ddf4182d078604842642eebaa40') in 0.009445 seconds 
========================================================================
Received Import Request.
  Time since last request: 0.013917 seconds.
  path: Assets/素材/青年女_right0001.png
  artifactKey: Guid(07b68c52cea32a9498963205ef88284d) Importer(815301076,1909f56bfc062723c751e8b465ee728b)
Start importing Assets/素材/青年女_right0001.png using Guid(07b68c52cea32a9498963205ef88284d) Importer(815301076,1909f56bfc062723c751e8b465ee728b)  -> (artifact id: 'a7843de053c00bb62874600eebc942e9') in 0.015504 seconds 
========================================================================
Received Import Request.
  Time since last request: 0.008386 seconds.
  path: Assets/TextMesh Pro/Sprites/EmojiOne Attribution.txt
  artifactKey: Guid(381dcb09d5029d14897e55f98031fca5) Importer(815301076,1909f56bfc062723c751e8b465ee728b)
Start importing Assets/TextMesh Pro/Sprites/EmojiOne Attribution.txt using Guid(381dcb09d5029d14897e55f98031fca5) Importer(815301076,1909f56bfc062723c751e8b465ee728b)  -> (artifact id: '77fc321a6bcecf680e03f1c3da3c2eaa') in 0.006045 seconds 
========================================================================
Received Import Request.
  Time since last request: 0.004650 seconds.
  path: Assets/素材/oldman.anim
  artifactKey: Guid(57cb5befcfaa1ab4ea827ca29885048f) Importer(815301076,1909f56bfc062723c751e8b465ee728b)
Start importing Assets/素材/oldman.anim using Guid(57cb5befcfaa1ab4ea827ca29885048f) Importer(815301076,1909f56bfc062723c751e8b465ee728b)  -> (artifact id: '496c6109936439e59eccf156ccc20737') in 0.005954 seconds 
========================================================================
Received Import Request.
  Time since last request: 0.010915 seconds.
  path: Assets/TextMesh Pro/Examples & Extras/Scripts/TMP_PhoneNumberValidator.cs
  artifactKey: Guid(83680ab1a69f4102ac67d1459fe76e1f) Importer(815301076,1909f56bfc062723c751e8b465ee728b)
Start importing Assets/TextMesh Pro/Examples & Extras/Scripts/TMP_PhoneNumberValidator.cs using Guid(83680ab1a69f4102ac67d1459fe76e1f) Importer(815301076,1909f56bfc062723c751e8b465ee728b)  -> (artifact id: 'de364331b69f3db9c70844a197773d51') in 0.006215 seconds 
========================================================================
Received Import Request.
  Time since last request: 0.022814 seconds.
  path: Assets/TextMesh Pro/Shaders/TMP_SDF-Surface.shader
  artifactKey: Guid(f7ada0af4f174f0694ca6a487b8f543d) Importer(815301076,1909f56bfc062723c751e8b465ee728b)
Start importing Assets/TextMesh Pro/Shaders/TMP_SDF-Surface.shader using Guid(f7ada0af4f174f0694ca6a487b8f543d) Importer(815301076,1909f56bfc062723c751e8b465ee728b)  -> (artifact id: '33f0c72f05a1baf51770e80385ee66d3') in 0.006478 seconds 
========================================================================
Received Import Request.
  Time since last request: 0.005229 seconds.
  path: Assets/TextMesh Pro/Resources/Fonts & Materials/LiberationSans SDF - Outline.mat
  artifactKey: Guid(79459efec17a4d00a321bdcc27bbc385) Importer(815301076,1909f56bfc062723c751e8b465ee728b)
Start importing Assets/TextMesh Pro/Resources/Fonts & Materials/LiberationSans SDF - Outline.mat using Guid(79459efec17a4d00a321bdcc27bbc385) Importer(815301076,1909f56bfc062723c751e8b465ee728b)  -> (artifact id: '944fa6c18e1d2b2a9f24ba21d48fe21b') in 0.069547 seconds 
========================================================================
Received Import Request.
  Time since last request: 0.026586 seconds.
  path: Assets/TextMesh Pro/Resources/Sprite Assets
  artifactKey: Guid(512a49d95c0c4332bdd98131869c23c9) Importer(815301076,1909f56bfc062723c751e8b465ee728b)
Start importing Assets/TextMesh Pro/Resources/Sprite Assets using Guid(512a49d95c0c4332bdd98131869c23c9) Importer(815301076,1909f56bfc062723c751e8b465ee728b)  -> (artifact id: 'f06bd12173cb19e5c49f9cf5e241a3d5') in 0.005419 seconds 
========================================================================
Received Import Request.
  Time since last request: 0.011185 seconds.
  path: Assets/TextMesh Pro/Examples & Extras/Scripts/TMP_TextEventCheck.cs
  artifactKey: Guid(d736ce056cf444ca96e424f4d9c42b76) Importer(815301076,1909f56bfc062723c751e8b465ee728b)
Start importing Assets/TextMesh Pro/Examples & Extras/Scripts/TMP_TextEventCheck.cs using Guid(d736ce056cf444ca96e424f4d9c42b76) Importer(815301076,1909f56bfc062723c751e8b465ee728b)  -> (artifact id: '2b5e8781d2c2401f3b32b31b60c8f285') in 0.006877 seconds 
========================================================================
Received Import Request.
  Time since last request: 0.015907 seconds.
  path: Assets/Scenes/SampleScene.unity
  artifactKey: Guid(2cda990e2423bbf4892e6590ba056729) Importer(815301076,1909f56bfc062723c751e8b465ee728b)
Start importing Assets/Scenes/SampleScene.unity using Guid(2cda990e2423bbf4892e6590ba056729) Importer(815301076,1909f56bfc062723c751e8b465ee728b)  -> (artifact id: 'e5dc4ed2027b0bbda62c4a1430393f9a') in 0.006833 seconds 
========================================================================
Received Import Request.
  Time since last request: 0.021940 seconds.
  path: Assets/素材/老人伴侣_right0005.png
  artifactKey: Guid(4c0d5bc3c548cd940b102d3301cefa61) Importer(815301076,1909f56bfc062723c751e8b465ee728b)
Start importing Assets/素材/老人伴侣_right0005.png using Guid(4c0d5bc3c548cd940b102d3301cefa61) Importer(815301076,1909f56bfc062723c751e8b465ee728b)  -> (artifact id: '9a1b3a4c2ac690233608b0d171a023e0') in 0.016155 seconds 
========================================================================
Received Import Request.
  Time since last request: 0.035184 seconds.
  path: Assets/TextMesh Pro/Shaders/TMP_SDF Overlay.shader
  artifactKey: Guid(dd89cf5b9246416f84610a006f916af7) Importer(815301076,1909f56bfc062723c751e8b465ee728b)
Start importing Assets/TextMesh Pro/Shaders/TMP_SDF Overlay.shader using Guid(dd89cf5b9246416f84610a006f916af7) Importer(815301076,1909f56bfc062723c751e8b465ee728b)  -> (artifact id: 'b1f0239b1b6f8c4310caa571ebc74943') in 0.005815 seconds 
========================================================================
Received Import Request.
  Time since last request: 0.007595 seconds.
  path: Assets/TextMesh Pro/Sprites/EmojiOne.png
  artifactKey: Guid(dffef66376be4fa480fb02b19edbe903) Importer(815301076,1909f56bfc062723c751e8b465ee728b)
Start importing Assets/TextMesh Pro/Sprites/EmojiOne.png using Guid(dffef66376be4fa480fb02b19edbe903) Importer(815301076,1909f56bfc062723c751e8b465ee728b)  -> (artifact id: 'e61f2fe823d871f99b8733144eebedf1') in 0.011550 seconds 
========================================================================
Received Import Request.
  Time since last request: 0.038146 seconds.
  path: Assets/素材/青年女_right0000.png
  artifactKey: Guid(0cd0610c5c6e2db4e9937ef73db3ade6) Importer(815301076,1909f56bfc062723c751e8b465ee728b)
Start importing Assets/素材/青年女_right0000.png using Guid(0cd0610c5c6e2db4e9937ef73db3ade6) Importer(815301076,1909f56bfc062723c751e8b465ee728b)  -> (artifact id: 'b356087ae754052c581f79b27ab01067') in 0.014159 seconds 
========================================================================
Received Import Request.
  Time since last request: 0.007703 seconds.
  path: Assets/素材/青年_right0005.png
  artifactKey: Guid(17b3eb222f4002c4cab0a66f82623d30) Importer(815301076,1909f56bfc062723c751e8b465ee728b)
Start importing Assets/素材/青年_right0005.png using Guid(17b3eb222f4002c4cab0a66f82623d30) Importer(815301076,1909f56bfc062723c751e8b465ee728b)  -> (artifact id: '60daec93e7cd4e2414d5d7c55184d810') in 0.014586 seconds 
========================================================================
Received Import Request.
  Time since last request: 0.015781 seconds.
  path: Assets/素材/Protagonist Animation Controller.controller
  artifactKey: Guid(534f4ec2503c6314983ec5557eecd746) Importer(815301076,1909f56bfc062723c751e8b465ee728b)
Start importing Assets/素材/Protagonist Animation Controller.controller using Guid(534f4ec2503c6314983ec5557eecd746) Importer(815301076,1909f56bfc062723c751e8b465ee728b)  -> (artifact id: '2797db0f12db4238edac7b651be2e31f') in 0.010486 seconds 
========================================================================
Received Import Request.
  Time since last request: 0.006382 seconds.
  path: Assets/素材/青年_right0002.png
  artifactKey: Guid(b1d85c8afeb3e9042b6e23a4838ea8cc) Importer(815301076,1909f56bfc062723c751e8b465ee728b)
Start importing Assets/素材/青年_right0002.png using Guid(b1d85c8afeb3e9042b6e23a4838ea8cc) Importer(815301076,1909f56bfc062723c751e8b465ee728b)  -> (artifact id: '4b962d68459dc7d9c47cfa3b970e6a78') in 0.015308 seconds 
========================================================================
Received Import Request.
  Time since last request: 0.010067 seconds.
  path: Assets/TextMesh Pro/Examples & Extras/Scripts/Benchmark01_UGUI.cs
  artifactKey: Guid(8ef7be1c625941f7ba8ed7cc71718c0d) Importer(815301076,1909f56bfc062723c751e8b465ee728b)
Start importing Assets/TextMesh Pro/Examples & Extras/Scripts/Benchmark01_UGUI.cs using Guid(8ef7be1c625941f7ba8ed7cc71718c0d) Importer(815301076,1909f56bfc062723c751e8b465ee728b)  -> (artifact id: 'c5c7a9639d32d1fcd1003629e6569727') in 0.006531 seconds 
========================================================================
Received Import Request.
  Time since last request: 0.011449 seconds.
  path: Assets/TextMesh Pro/Examples & Extras/Scripts/TMP_TextSelector_B.cs
  artifactKey: Guid(a05dcd8be7ec4ccbb35c26219884aa37) Importer(815301076,1909f56bfc062723c751e8b465ee728b)
Start importing Assets/TextMesh Pro/Examples & Extras/Scripts/TMP_TextSelector_B.cs using Guid(a05dcd8be7ec4ccbb35c26219884aa37) Importer(815301076,1909f56bfc062723c751e8b465ee728b)  -> (artifact id: 'd6071ea012d05433ee95c16268c7ea3b') in 0.006404 seconds 
========================================================================
Received Import Request.
  Time since last request: 0.016620 seconds.
  path: Assets/TextMesh Pro/Resources/TMP Settings.asset
  artifactKey: Guid(3f5b5dff67a942289a9defa416b206f3) Importer(815301076,1909f56bfc062723c751e8b465ee728b)
Start importing Assets/TextMesh Pro/Resources/TMP Settings.asset using Guid(3f5b5dff67a942289a9defa416b206f3) Importer(815301076,1909f56bfc062723c751e8b465ee728b)  -> (artifact id: '0e8ef099d9a98c703c29d4d14fd102d4') in 0.024230 seconds 
========================================================================
Received Import Request.
  Time since last request: 0.005154 seconds.
  path: Assets/TextMesh Pro/Sprites
  artifactKey: Guid(d0603b6d5186471b96c778c3949c7ce2) Importer(815301076,1909f56bfc062723c751e8b465ee728b)
Start importing Assets/TextMesh Pro/Sprites using Guid(d0603b6d5186471b96c778c3949c7ce2) Importer(815301076,1909f56bfc062723c751e8b465ee728b)  -> (artifact id: '4c839bc4ca1c857ec4701544c2870e79') in 0.005877 seconds 
========================================================================
Received Import Request.
  Time since last request: 0.006377 seconds.
  path: Assets/素材/青年_right0003.png
  artifactKey: Guid(4400a16bf1c91cc4bb968de236249379) Importer(815301076,1909f56bfc062723c751e8b465ee728b)
Start importing Assets/素材/青年_right0003.png using Guid(4400a16bf1c91cc4bb968de236249379) Importer(815301076,1909f56bfc062723c751e8b465ee728b)  -> (artifact id: '0b50860e43b891f39908276a4f00449d') in 0.018330 seconds 
========================================================================
Received Import Request.
  Time since last request: 0.011767 seconds.
  path: Assets/TextMesh Pro/Examples & Extras/Scripts/TMPro_InstructionOverlay.cs
  artifactKey: Guid(c3c1afeda5e545e0b19add5373896d2e) Importer(815301076,1909f56bfc062723c751e8b465ee728b)
Start importing Assets/TextMesh Pro/Examples & Extras/Scripts/TMPro_InstructionOverlay.cs using Guid(c3c1afeda5e545e0b19add5373896d2e) Importer(815301076,1909f56bfc062723c751e8b465ee728b)  -> (artifact id: '0847f41e44616df3902fdd1f83a1f601') in 0.005699 seconds 
========================================================================
Received Import Request.
  Time since last request: 0.016155 seconds.
  path: Assets/素材/青年女_right0004.png
  artifactKey: Guid(2b302b3b1dcfd8447a02af9472a089ab) Importer(815301076,1909f56bfc062723c751e8b465ee728b)
Start importing Assets/素材/青年女_right0004.png using Guid(2b302b3b1dcfd8447a02af9472a089ab) Importer(815301076,1909f56bfc062723c751e8b465ee728b)  -> (artifact id: 'a68398c9bdc3e9cb6fb2cdbf33343000') in 0.019314 seconds 
========================================================================
Received Import Request.
  Time since last request: 0.011682 seconds.
  path: Assets/TextMesh Pro/Examples & Extras/Scripts/VertexColorCycler.cs
  artifactKey: Guid(91b8ba3d52e041fab2d0e0f169855539) Importer(815301076,1909f56bfc062723c751e8b465ee728b)
Start importing Assets/TextMesh Pro/Examples & Extras/Scripts/VertexColorCycler.cs using Guid(91b8ba3d52e041fab2d0e0f169855539) Importer(815301076,1909f56bfc062723c751e8b465ee728b)  -> (artifact id: 'ea4eacdf857ebec970988282e084b874') in 0.005560 seconds 
========================================================================
Received Import Request.
  Time since last request: 0.030605 seconds.
  path: Assets/TextMesh Pro/Documentation/TextMesh Pro User Guide 2016.pdf
  artifactKey: Guid(1b8d251f9af63b746bf2f7ffe00ebb9b) Importer(815301076,1909f56bfc062723c751e8b465ee728b)
Start importing Assets/TextMesh Pro/Documentation/TextMesh Pro User Guide 2016.pdf using Guid(1b8d251f9af63b746bf2f7ffe00ebb9b) Importer(815301076,1909f56bfc062723c751e8b465ee728b)  -> (artifact id: 'ba74db4b0927d6f50ea56766dcbf9e0a') in 0.014433 seconds 
========================================================================
Received Import Request.
  Time since last request: 0.008914 seconds.
  path: Assets/TextMesh Pro/Shaders/TMP_Bitmap-Mobile.shader
  artifactKey: Guid(1e3b057af24249748ff873be7fafee47) Importer(815301076,1909f56bfc062723c751e8b465ee728b)
Start importing Assets/TextMesh Pro/Shaders/TMP_Bitmap-Mobile.shader using Guid(1e3b057af24249748ff873be7fafee47) Importer(815301076,1909f56bfc062723c751e8b465ee728b)  -> (artifact id: 'aad2399bedd6249bea605924242af76b') in 0.005668 seconds 
========================================================================
Received Import Request.
  Time since last request: 0.008277 seconds.
  path: Assets/TextMesh Pro/Shaders/TMP_SDF-Mobile Overlay.shader
  artifactKey: Guid(a02a7d8c237544f1962732b55a9aebf1) Importer(815301076,1909f56bfc062723c751e8b465ee728b)
Start importing Assets/TextMesh Pro/Shaders/TMP_SDF-Mobile Overlay.shader using Guid(a02a7d8c237544f1962732b55a9aebf1) Importer(815301076,1909f56bfc062723c751e8b465ee728b)  -> (artifact id: '4bd9c02f165d86af9ad4ba9e87aa0484') in 0.005713 seconds 
========================================================================
Received Import Request.
  Time since last request: 0.003595 seconds.
  path: Assets/TextMesh Pro/Resources
  artifactKey: Guid(fe35b17d170d28048b4dad371d4ed550) Importer(815301076,1909f56bfc062723c751e8b465ee728b)
Start importing Assets/TextMesh Pro/Resources using Guid(fe35b17d170d28048b4dad371d4ed550) Importer(815301076,1909f56bfc062723c751e8b465ee728b)  -> (artifact id: 'e24991fa0a1adb3bfd877be8d175130d') in 0.005359 seconds 
========================================================================
Received Import Request.
  Time since last request: 0.004333 seconds.
  path: Assets/TextMesh Pro/Examples & Extras
  artifactKey: Guid(3e867d562e3577e4781e9c9e4fc7a790) Importer(815301076,1909f56bfc062723c751e8b465ee728b)
Start importing Assets/TextMesh Pro/Examples & Extras using Guid(3e867d562e3577e4781e9c9e4fc7a790) Importer(815301076,1909f56bfc062723c751e8b465ee728b)  -> (artifact id: 'd67a41c5bcaaaa84de5cb34eee2f9d7f') in 0.005861 seconds 
========================================================================
Received Import Request.
  Time since last request: 0.011192 seconds.
  path: Assets/TextMesh Pro/Examples & Extras/Scripts/TMP_TextEventHandler.cs
  artifactKey: Guid(1312ae25639a4bae8e25ae223209cc50) Importer(815301076,1909f56bfc062723c751e8b465ee728b)
Start importing Assets/TextMesh Pro/Examples & Extras/Scripts/TMP_TextEventHandler.cs using Guid(1312ae25639a4bae8e25ae223209cc50) Importer(815301076,1909f56bfc062723c751e8b465ee728b)  -> (artifact id: '95760cadd2bfce738fd6205d15b50688') in 0.005988 seconds 
========================================================================
Received Import Request.
  Time since last request: 0.018691 seconds.
  path: Assets/TextMesh Pro/Examples & Extras/Scripts/Benchmark02.cs
  artifactKey: Guid(e8538afcddc14efbb5d9e94b7ae50197) Importer(815301076,1909f56bfc062723c751e8b465ee728b)
Start importing Assets/TextMesh Pro/Examples & Extras/Scripts/Benchmark02.cs using Guid(e8538afcddc14efbb5d9e94b7ae50197) Importer(815301076,1909f56bfc062723c751e8b465ee728b)  -> (artifact id: '485b8778a22ff7a84faa9663ab51795f') in 0.005430 seconds 
========================================================================
Received Import Request.
  Time since last request: 0.008946 seconds.
  path: Assets/TextMesh Pro/Resources/LineBreaking Leading Characters.txt
  artifactKey: Guid(d82c1b31c7e74239bff1220585707d2b) Importer(815301076,1909f56bfc062723c751e8b465ee728b)
Start importing Assets/TextMesh Pro/Resources/LineBreaking Leading Characters.txt using Guid(d82c1b31c7e74239bff1220585707d2b) Importer(815301076,1909f56bfc062723c751e8b465ee728b)  -> (artifact id: '9b149269f60d2d90ea082811ac22fca4') in 0.006256 seconds 
========================================================================
Received Import Request.
  Time since last request: 0.011258 seconds.
  path: Assets/TextMesh Pro/Fonts/LiberationSans.ttf
  artifactKey: Guid(e3265ab4bf004d28a9537516768c1c75) Importer(815301076,1909f56bfc062723c751e8b465ee728b)
Start importing Assets/TextMesh Pro/Fonts/LiberationSans.ttf using Guid(e3265ab4bf004d28a9537516768c1c75) Importer(815301076,1909f56bfc062723c751e8b465ee728b)  -> (artifact id: '220a83f5f4091bd6ecc3541cc8fe5abf') in 0.019821 seconds 
